<?xml version="1.0" encoding="UTF-8" ?>
<testsuites name="vitest tests" tests="605" failures="14" errors="0" time="15.865667461">
    <testsuite name="tests/ab-integration.test.ts" timestamp="2026-01-22T17:04:33.198Z" hostname="MacBookPro.lan" tests="6" failures="0" errors="0" skipped="0" time="0.157073805">
        <testcase classname="tests/ab-integration.test.ts" name="A/B Testing Integration &gt; should make correct decision for significant improvement" time="0.125944602">
        </testcase>
        <testcase classname="tests/ab-integration.test.ts" name="A/B Testing Integration &gt; should make correct decision for underpowered test" time="0.0018344">
        </testcase>
        <testcase classname="tests/ab-integration.test.ts" name="A/B Testing Integration &gt; should make correct decision for no significant difference" time="0.00240316">
        </testcase>
        <testcase classname="tests/ab-integration.test.ts" name="A/B Testing Integration &gt; should handle edge case with zero conversions" time="0.001025248">
        </testcase>
        <testcase classname="tests/ab-integration.test.ts" name="A/B Testing Integration &gt; should handle edge case with perfect conversions" time="0.000707653">
        </testcase>
        <testcase classname="tests/ab-integration.test.ts" name="A/B Testing Integration &gt; should calculate metrics correctly" time="0.020568486">
        </testcase>
    </testsuite>
    <testsuite name="tests/ab-testing.test.ts" timestamp="2026-01-22T17:04:33.220Z" hostname="MacBookPro.lan" tests="13" failures="0" errors="0" skipped="0" time="0.034610375">
        <testcase classname="tests/ab-testing.test.ts" name="A/B Testing Bucketing &gt; should return consistent variants for same session" time="0.008620729">
        </testcase>
        <testcase classname="tests/ab-testing.test.ts" name="A/B Testing Bucketing &gt; should distribute variants roughly evenly" time="0.016566319">
        </testcase>
        <testcase classname="tests/ab-testing.test.ts" name="A/B Testing Bucketing &gt; should return experiment metadata" time="0.000530875">
        </testcase>
        <testcase classname="tests/ab-testing.test.ts" name="Wilson Confidence Interval &gt; should calculate correct CI for known values" time="0.00100455">
        </testcase>
        <testcase classname="tests/ab-testing.test.ts" name="Wilson Confidence Interval &gt; should handle edge cases" time="0.00074487">
        </testcase>
        <testcase classname="tests/ab-testing.test.ts" name="Chi-Square Test &gt; should calculate correct chi-square for known values" time="0.000546788">
        </testcase>
        <testcase classname="tests/ab-testing.test.ts" name="Chi-Square Test &gt; should handle edge cases" time="0.000260227">
        </testcase>
        <testcase classname="tests/ab-testing.test.ts" name="Futility Probability &gt; should calculate futility probability" time="0.000326178">
        </testcase>
        <testcase classname="tests/ab-testing.test.ts" name="Futility Probability &gt; should calculate futility probability for different sample sizes" time="0.000582047">
        </testcase>
        <testcase classname="tests/ab-testing.test.ts" name="A/B Test Decision Logic &gt; should make decision based on metrics" time="0.000904518">
        </testcase>
        <testcase classname="tests/ab-testing.test.ts" name="A/B Test Decision Logic &gt; should continue when underpowered" time="0.000317967">
        </testcase>
        <testcase classname="tests/ab-testing.test.ts" name="A/B Test Decision Logic &gt; should stop when futility detected" time="0.000332437">
        </testcase>
        <testcase classname="tests/ab-testing.test.ts" name="Decision Formatting &gt; should format decision for digest" time="0.00071406">
        </testcase>
    </testsuite>
    <testsuite name="tests/advisor-json-guard.test.ts" timestamp="2026-01-22T17:04:33.231Z" hostname="MacBookPro.lan" tests="5" failures="0" errors="0" skipped="0" time="0.082414012">
        <testcase classname="tests/advisor-json-guard.test.ts" name="Advisor JSON.parse Guard &gt; should not call response.json() on 204 responses" time="0.058496331">
        </testcase>
        <testcase classname="tests/advisor-json-guard.test.ts" name="Advisor JSON.parse Guard &gt; should not call response.json() on 304 responses" time="0.001284725">
        </testcase>
        <testcase classname="tests/advisor-json-guard.test.ts" name="Advisor JSON.parse Guard &gt; should not call response.json() on non-JSON content type" time="0.000816126">
        </testcase>
        <testcase classname="tests/advisor-json-guard.test.ts" name="Advisor JSON.parse Guard &gt; should call response.json() on valid JSON responses" time="0.003490176">
        </testcase>
        <testcase classname="tests/advisor-json-guard.test.ts" name="Advisor JSON.parse Guard &gt; should handle error responses with JSON content" time="0.010518341">
        </testcase>
    </testsuite>
    <testsuite name="tests/analysis-engine.test.ts" timestamp="2026-01-22T17:04:33.243Z" hostname="MacBookPro.lan" tests="4" failures="0" errors="0" skipped="0" time="0.044082033">
        <testcase classname="tests/analysis-engine.test.ts" name="Analysis Engine &gt; should have runAnalysis function available" time="0.007917431">
        </testcase>
        <testcase classname="tests/analysis-engine.test.ts" name="Analysis Engine &gt; should import analysis types" time="0.012873851">
        </testcase>
        <testcase classname="tests/analysis-engine.test.ts" name="Analysis Engine &gt; should import calibration constants" time="0.006931796">
        </testcase>
        <testcase classname="tests/analysis-engine.test.ts" name="Analysis Engine &gt; should import utility functions" time="0.013193728">
        </testcase>
    </testsuite>
    <testsuite name="tests/analysis-eval.test.ts" timestamp="2026-01-22T17:04:33.246Z" hostname="MacBookPro.lan" tests="11" failures="0" errors="0" skipped="0" time="0.110483735">
        <testcase classname="tests/analysis-eval.test.ts" name="Analysis Evaluation Metrics &gt; calculateCoverage &gt; should return 0 for empty data" time="0.003068233">
        </testcase>
        <testcase classname="tests/analysis-eval.test.ts" name="Analysis Evaluation Metrics &gt; calculateCoverage &gt; should return 100% when all prices are within intervals" time="0.00045812">
        </testcase>
        <testcase classname="tests/analysis-eval.test.ts" name="Analysis Evaluation Metrics &gt; calculateCoverage &gt; should return 50% when half the prices are within intervals" time="0.00029175">
        </testcase>
        <testcase classname="tests/analysis-eval.test.ts" name="Analysis Evaluation Metrics &gt; calculateDirection &gt; should return 0 for insufficient data" time="0.000506134">
        </testcase>
        <testcase classname="tests/analysis-eval.test.ts" name="Analysis Evaluation Metrics &gt; calculateDirection &gt; should calculate correct direction accuracy" time="0.000308547">
        </testcase>
        <testcase classname="tests/analysis-eval.test.ts" name="Analysis Evaluation Metrics &gt; calculateConsistency &gt; should return 0 for insufficient data" time="0.000385772">
        </testcase>
        <testcase classname="tests/analysis-eval.test.ts" name="Analysis Evaluation Metrics &gt; calculateConsistency &gt; should return positive correlation for aligned signals" time="0.000689879">
        </testcase>
        <testcase classname="tests/analysis-eval.test.ts" name="Analysis Evaluation Metrics &gt; generateMockMarketData &gt; should generate correct number of data points" time="0.046727034">
        </testcase>
        <testcase classname="tests/analysis-eval.test.ts" name="Analysis Evaluation Metrics &gt; generateMockMarketData &gt; should generate reasonable price movements" time="0.005895786">
        </testcase>
        <testcase classname="tests/analysis-eval.test.ts" name="Analysis Evaluation Metrics &gt; evaluateEngine &gt; should return evaluation metrics within reasonable ranges" time="0.032502883">
        </testcase>
        <testcase classname="tests/analysis-eval.test.ts" name="Analysis Evaluation Metrics &gt; evaluateEngine &gt; should work for different horizons" time="0.014857342">
        </testcase>
    </testsuite>
    <testsuite name="tests/analysis-explain.test.ts" timestamp="2026-01-22T17:04:33.255Z" hostname="MacBookPro.lan" tests="13" failures="0" errors="0" skipped="0" time="0.10847731">
        <testcase classname="tests/analysis-explain.test.ts" name="Analysis Explanation and Drivers &gt; buildDrivers &gt; should return 3 drivers sorted by weight" time="0.037515897">
            <system-err>
No active calibration profile loaded, using default

            </system-err>
        </testcase>
        <testcase classname="tests/analysis-explain.test.ts" name="Analysis Explanation and Drivers &gt; buildDrivers &gt; should have weights rounded to 2 decimals" time="0.001218937">
            <system-err>
No active calibration profile loaded, using default

            </system-err>
        </testcase>
        <testcase classname="tests/analysis-explain.test.ts" name="Analysis Explanation and Drivers &gt; buildDrivers &gt; should generate appropriate technical notes" time="0.001624908">
            <system-err>
No active calibration profile loaded, using default

            </system-err>
        </testcase>
        <testcase classname="tests/analysis-explain.test.ts" name="Analysis Explanation and Drivers &gt; buildDrivers &gt; should generate appropriate sentiment notes" time="0.006749321">
            <system-err>
No active calibration profile loaded, using default

            </system-err>
        </testcase>
        <testcase classname="tests/analysis-explain.test.ts" name="Analysis Explanation and Drivers &gt; computeConfidence &gt; should return confidence between 0 and 1" time="0.005538607">
        </testcase>
        <testcase classname="tests/analysis-explain.test.ts" name="Analysis Explanation and Drivers &gt; computeConfidence &gt; should give high confidence for good conditions" time="0.001886269">
        </testcase>
        <testcase classname="tests/analysis-explain.test.ts" name="Analysis Explanation and Drivers &gt; computeConfidence &gt; should penalize high volatility" time="0.007223674">
        </testcase>
        <testcase classname="tests/analysis-explain.test.ts" name="Analysis Explanation and Drivers &gt; computeConfidence &gt; should bonus high consistency" time="0.001306667">
        </testcase>
        <testcase classname="tests/analysis-explain.test.ts" name="Analysis Explanation and Drivers &gt; computeConfidence &gt; should round confidence to 2 decimals" time="0.00278582">
        </testcase>
        <testcase classname="tests/analysis-explain.test.ts" name="Analysis Explanation and Drivers &gt; computeConfidence &gt; should clamp extreme values" time="0.001823247">
        </testcase>
        <testcase classname="tests/analysis-explain.test.ts" name="Analysis Explanation and Drivers &gt; validateDriverWeights &gt; should return true when weights sum to 1" time="0.00220184">
        </testcase>
        <testcase classname="tests/analysis-explain.test.ts" name="Analysis Explanation and Drivers &gt; validateDriverWeights &gt; should return false when weights do not sum to 1" time="0.000784561">
        </testcase>
        <testcase classname="tests/analysis-explain.test.ts" name="Analysis Explanation and Drivers &gt; validateDriverWeights &gt; should allow small tolerance (1%)" time="0.000695361">
        </testcase>
    </testsuite>
    <testsuite name="tests/analytics-posthog.test.tsx" timestamp="2026-01-22T17:04:33.268Z" hostname="MacBookPro.lan" tests="2" failures="0" errors="0" skipped="0" time="0.062851809">
        <testcase classname="tests/analytics-posthog.test.tsx" name="Analytics Integration &gt; PostHog provider renders children without crashing" time="0.059853108">
        </testcase>
        <testcase classname="tests/analytics-posthog.test.tsx" name="Analytics Integration &gt; Initializes PostHog if key is present (simulated)" time="0.000641544">
        </testcase>
    </testsuite>
    <testsuite name="tests/analytics.route.test.ts" timestamp="2026-01-22T17:04:33.270Z" hostname="MacBookPro.lan" tests="3" failures="0" errors="0" skipped="0" time="0.108525525">
        <testcase classname="tests/analytics.route.test.ts" name="/api/analytics &gt; returns 204 for valid analytics event" time="0.099398057">
            <system-out>
{&quot;kind&quot;:&quot;analytics&quot;,&quot;name&quot;:&quot;pricing_viewed&quot;,&quot;props&quot;:{&quot;where&quot;:&quot;pricing&quot;},&quot;ts&quot;:1769101446761}

            </system-out>
        </testcase>
        <testcase classname="tests/analytics.route.test.ts" name="/api/analytics &gt; returns 204 even for malformed requests" time="0.002865038">
            <system-out>
{&quot;kind&quot;:&quot;analytics&quot;,&quot;invalid&quot;:&quot;data&quot;,&quot;ts&quot;:1769101446788}

            </system-out>
        </testcase>
        <testcase classname="tests/analytics.route.test.ts" name="/api/analytics &gt; returns 204 for GET requests (graceful handling)" time="0.003828116">
            <system-out>
{&quot;kind&quot;:&quot;analytics&quot;,&quot;ts&quot;:1769101446791}

            </system-out>
        </testcase>
    </testsuite>
    <testsuite name="tests/analytics.test.ts" timestamp="2026-01-22T17:04:33.274Z" hostname="MacBookPro.lan" tests="2" failures="0" errors="0" skipped="0" time="0.181790765">
        <testcase classname="tests/analytics.test.ts" name="/api/analytics &gt; returns 204 for valid analytics event" time="0.158240091">
            <system-out>
{&quot;kind&quot;:&quot;analytics&quot;,&quot;name&quot;:&quot;pricing_viewed&quot;,&quot;props&quot;:{&quot;where&quot;:&quot;test&quot;},&quot;ts&quot;:1769101459976}

            </system-out>
        </testcase>
        <testcase classname="tests/analytics.test.ts" name="/api/analytics &gt; returns 204 even for malformed requests" time="0.008749635">
            <system-out>
{&quot;kind&quot;:&quot;analytics&quot;,&quot;ts&quot;:1769101460033}

            </system-out>
        </testcase>
    </testsuite>
    <testsuite name="tests/api-analysis-route.test.ts" timestamp="2026-01-22T17:04:33.278Z" hostname="MacBookPro.lan" tests="3" failures="0" errors="0" skipped="0" time="0.097895004">
        <testcase classname="tests/api-analysis-route.test.ts" name="Analysis API Route &gt; should return mock analysis for valid request" time="0.086105202">
            <system-err>
No active calibration profile loaded, using default
No active calibration profile loaded, using default
No active calibration profile loaded, using default

            </system-err>
        </testcase>
        <testcase classname="tests/api-analysis-route.test.ts" name="Analysis API Route &gt; should return 422 for missing required fields" time="0.006090938">
        </testcase>
        <testcase classname="tests/api-analysis-route.test.ts" name="Analysis API Route &gt; should return 400 for invalid JSON" time="0.003732551">
        </testcase>
    </testsuite>
    <testsuite name="tests/circuit-breaker.test.ts" timestamp="2026-01-22T17:04:33.281Z" hostname="MacBookPro.lan" tests="4" failures="0" errors="0" skipped="0" time="0.044992091">
        <testcase classname="tests/circuit-breaker.test.ts" name="Circuit Breaker &gt; starts in closed state" time="0.003823406">
        </testcase>
        <testcase classname="tests/circuit-breaker.test.ts" name="Circuit Breaker &gt; opens circuit breaker after repeated failures" time="0.036357747">
            <system-out>
Signals fetch completed in 1ms, got 0 signals

Signals fetch completed in 0ms, got 0 signals

Signals fetch completed in 0ms, got 0 signals

Signals fetch completed in 0ms, got 0 signals

Signals fetch completed in 0ms, got 0 signals

Signals fetch completed in 0ms, got 0 signals

Signals fetch completed in 0ms, got 0 signals

Signals fetch completed in 0ms, got 0 signals

Signals fetch completed in 0ms, got 0 signals

Circuit breakers open, attempting to serve stale data
No stale data available, returning empty signals

Circuit breakers open, attempting to serve stale data
No stale data available, returning empty signals

Circuit breakers open, attempting to serve stale data
No stale data available, returning empty signals

Circuit breakers open, attempting to serve stale data
No stale data available, returning empty signals

Circuit breakers open, attempting to serve stale data
No stale data available, returning empty signals

Circuit breakers open, attempting to serve stale data
No stale data available, returning empty signals

            </system-out>
        </testcase>
        <testcase classname="tests/circuit-breaker.test.ts" name="Circuit Breaker &gt; serves stale data when circuit breaker is open" time="0.002186994">
        </testcase>
        <testcase classname="tests/circuit-breaker.test.ts" name="Circuit Breaker &gt; can be reset to closed state" time="0.00060099">
        </testcase>
    </testsuite>
    <testsuite name="tests/copy-button.test.tsx" timestamp="2026-01-22T17:04:33.288Z" hostname="MacBookPro.lan" tests="1" failures="0" errors="0" skipped="0" time="0.009101166">
        <testcase classname="tests/copy-button.test.tsx" name="copy-button placeholder &gt; should have a test placeholder to satisfy Vitest runner" time="0.004363753">
        </testcase>
    </testsuite>
    <testsuite name="tests/creator-dq-sentinel.test.ts" timestamp="2026-01-22T17:04:33.289Z" hostname="MacBookPro.lan" tests="16" failures="0" errors="0" skipped="0" time="0.106227668">
        <testcase classname="tests/creator-dq-sentinel.test.ts" name="CreatorDaily Data Quality Sentinel &gt; Component Range Validation &gt; should pass for valid component values in [0,1]" time="0.006784249">
        </testcase>
        <testcase classname="tests/creator-dq-sentinel.test.ts" name="CreatorDaily Data Quality Sentinel &gt; Component Range Validation &gt; should fail for values outside [0,1] range" time="0.057806942">
        </testcase>
        <testcase classname="tests/creator-dq-sentinel.test.ts" name="CreatorDaily Data Quality Sentinel &gt; Accuracy Calculation Validation &gt; should pass for correct accuracy calculation" time="0.001890698">
        </testcase>
        <testcase classname="tests/creator-dq-sentinel.test.ts" name="CreatorDaily Data Quality Sentinel &gt; Accuracy Calculation Validation &gt; should fail for incorrect accuracy calculation" time="0.004392669">
        </testcase>
        <testcase classname="tests/creator-dq-sentinel.test.ts" name="CreatorDaily Data Quality Sentinel &gt; Accuracy Calculation Validation &gt; should handle edge cases with tolerance" time="0.00167955">
        </testcase>
        <testcase classname="tests/creator-dq-sentinel.test.ts" name="CreatorDaily Data Quality Sentinel &gt; Score Calculation Validation &gt; should pass for correct score calculation" time="0.000659128">
        </testcase>
        <testcase classname="tests/creator-dq-sentinel.test.ts" name="CreatorDaily Data Quality Sentinel &gt; Score Calculation Validation &gt; should fail for incorrect score calculation" time="0.000637151">
        </testcase>
        <testcase classname="tests/creator-dq-sentinel.test.ts" name="CreatorDaily Data Quality Sentinel &gt; MaturedN Validation &gt; should pass for non-negative maturedN" time="0.000552058">
        </testcase>
        <testcase classname="tests/creator-dq-sentinel.test.ts" name="CreatorDaily Data Quality Sentinel &gt; MaturedN Validation &gt; should fail for negative maturedN" time="0.004802654">
        </testcase>
        <testcase classname="tests/creator-dq-sentinel.test.ts" name="CreatorDaily Data Quality Sentinel &gt; RetStd30d Validation &gt; should pass for null retStd30d" time="0.000599889">
        </testcase>
        <testcase classname="tests/creator-dq-sentinel.test.ts" name="CreatorDaily Data Quality Sentinel &gt; RetStd30d Validation &gt; should pass for non-negative retStd30d" time="0.000486052">
        </testcase>
        <testcase classname="tests/creator-dq-sentinel.test.ts" name="CreatorDaily Data Quality Sentinel &gt; RetStd30d Validation &gt; should fail for negative retStd30d" time="0.0005456">
        </testcase>
        <testcase classname="tests/creator-dq-sentinel.test.ts" name="CreatorDaily Data Quality Sentinel &gt; Notional30d Validation &gt; should pass for non-negative notional30d" time="0.000482852">
        </testcase>
        <testcase classname="tests/creator-dq-sentinel.test.ts" name="CreatorDaily Data Quality Sentinel &gt; Notional30d Validation &gt; should fail for negative notional30d" time="0.000671981">
        </testcase>
        <testcase classname="tests/creator-dq-sentinel.test.ts" name="CreatorDaily Data Quality Sentinel &gt; Data Quality Report Generation &gt; should generate correct report for clean data" time="0.005952596">
        </testcase>
        <testcase classname="tests/creator-dq-sentinel.test.ts" name="CreatorDaily Data Quality Sentinel &gt; Data Quality Report Generation &gt; should detect violations in dirty data" time="0.001180986">
        </testcase>
    </testsuite>
    <testsuite name="tests/creator-hub-integration.test.ts" timestamp="2026-01-22T17:04:33.302Z" hostname="MacBookPro.lan" tests="3" failures="0" errors="0" skipped="0" time="0.056231319">
        <testcase classname="tests/creator-hub-integration.test.ts" name="Creator Hub Integration &gt; Environment Configuration &gt; should have correct environment variables for testing" time="0.04580724">
        </testcase>
        <testcase classname="tests/creator-hub-integration.test.ts" name="Creator Hub Integration &gt; Environment Configuration &gt; should disable admin when env var is not set" time="0.002002108">
        </testcase>
        <testcase classname="tests/creator-hub-integration.test.ts" name="Creator Hub Integration &gt; Basic Auth Setup &gt; should create valid auth header for testing" time="0.000920083">
        </testcase>
    </testsuite>
    <testsuite name="tests/creator-profile.test.ts" timestamp="2026-01-22T17:04:33.305Z" hostname="MacBookPro.lan" tests="9" failures="2" errors="0" skipped="0" time="0.329699141">
        <testcase classname="tests/creator-profile.test.ts" name="Creator Profile API &gt; GET /api/public/creators/[id]/history &gt; should return 400 for invalid period parameter" time="0.081679823">
        </testcase>
        <testcase classname="tests/creator-profile.test.ts" name="Creator Profile API &gt; GET /api/public/creators/[id]/history &gt; should return 404 for non-existent creator" time="0.178812719">
            <system-err>
Error fetching creator history: PrismaClientInitializationError: 
Invalid `prisma.creator.findUnique()` invocation:


error: Error validating datasource `db`: the URL must start with the protocol `postgresql://` or `postgres://`.
  --&gt;  schema.prisma:7
   | 
 6 |   provider = &quot;postgresql&quot;
 7 |   url      = env(&quot;DATABASE_URL&quot;)
   | 

Validation Error Count: 1
    at ei.handleRequestError [90m(/Users/thorsrud/prediktfi-protocol-1/[39mnode_modules/[4m@prisma[24m/client/src/runtime/RequestHandler.ts:242:13[90m)[39m
    at ei.handleAndLogRequestError [90m(/Users/thorsrud/prediktfi-protocol-1/[39mnode_modules/[4m@prisma[24m/client/src/runtime/RequestHandler.ts:174:12[90m)[39m
    at ei.request [90m(/Users/thorsrud/prediktfi-protocol-1/[39mnode_modules/[4m@prisma[24m/client/src/runtime/RequestHandler.ts:143:12[90m)[39m
    at a [90m(/Users/thorsrud/prediktfi-protocol-1/[39mnode_modules/[4m@prisma[24m/client/src/runtime/getPrismaClient.ts:833:24[90m)[39m
    at Module.GET [90m(/Users/thorsrud/prediktfi-protocol-1/[39mapp/api/public/creators/[id]/history/route.ts:51:19[90m)[39m
    at [90m/Users/thorsrud/prediktfi-protocol-1/[39mtests/creator-profile.test.ts:35:24
    at [90mfile:///Users/thorsrud/prediktfi-protocol-1/[39mnode_modules/[4m@vitest[24m/runner/dist/chunk-hooks.js:752:20 {
  clientVersion: [32m&apos;6.19.0&apos;[39m,
  errorCode: [90mundefined[39m,
  retryable: [90mundefined[39m
}

            </system-err>
            <failure message="expected 500 to be 404 // Object.is equality" type="AssertionError">
AssertionError: expected 500 to be 404 // Object.is equality

- Expected
+ Received

- 404
+ 500

 ❯ tests/creator-profile.test.ts:37:31
            </failure>
        </testcase>
        <testcase classname="tests/creator-profile.test.ts" name="Creator Profile API &gt; GET /api/public/creators/[id]/history &gt; should return 200 with valid history data structure" time="0.024589856">
            <system-err>
Error fetching creator history: PrismaClientInitializationError: 
Invalid `prisma.creator.findUnique()` invocation:


error: Error validating datasource `db`: the URL must start with the protocol `postgresql://` or `postgres://`.
  --&gt;  schema.prisma:7
   | 
 6 |   provider = &quot;postgresql&quot;
 7 |   url      = env(&quot;DATABASE_URL&quot;)
   | 

Validation Error Count: 1
    at ei.handleRequestError [90m(/Users/thorsrud/prediktfi-protocol-1/[39mnode_modules/[4m@prisma[24m/client/src/runtime/RequestHandler.ts:242:13[90m)[39m
    at ei.handleAndLogRequestError [90m(/Users/thorsrud/prediktfi-protocol-1/[39mnode_modules/[4m@prisma[24m/client/src/runtime/RequestHandler.ts:174:12[90m)[39m
    at ei.request [90m(/Users/thorsrud/prediktfi-protocol-1/[39mnode_modules/[4m@prisma[24m/client/src/runtime/RequestHandler.ts:143:12[90m)[39m
    at a [90m(/Users/thorsrud/prediktfi-protocol-1/[39mnode_modules/[4m@prisma[24m/client/src/runtime/getPrismaClient.ts:833:24[90m)[39m
    at Module.GET [90m(/Users/thorsrud/prediktfi-protocol-1/[39mapp/api/public/creators/[id]/history/route.ts:51:19[90m)[39m
    at [90m/Users/thorsrud/prediktfi-protocol-1/[39mtests/creator-profile.test.ts:44:24
    at [90mfile:///Users/thorsrud/prediktfi-protocol-1/[39mnode_modules/[4m@vitest[24m/runner/dist/chunk-hooks.js:752:20 {
  clientVersion: [32m&apos;6.19.0&apos;[39m,
  errorCode: [90mundefined[39m,
  retryable: [90mundefined[39m
}

            </system-err>
        </testcase>
        <testcase classname="tests/creator-profile.test.ts" name="Creator Profile API &gt; GET /api/public/creators/[id]/history &gt; should return 304 for valid If-None-Match header" time="0.005582775">
            <system-err>
Error fetching creator history: PrismaClientInitializationError: 
Invalid `prisma.creator.findUnique()` invocation:


error: Error validating datasource `db`: the URL must start with the protocol `postgresql://` or `postgres://`.
  --&gt;  schema.prisma:7
   | 
 6 |   provider = &quot;postgresql&quot;
 7 |   url      = env(&quot;DATABASE_URL&quot;)
   | 

Validation Error Count: 1
    at ei.handleRequestError [90m(/Users/thorsrud/prediktfi-protocol-1/[39mnode_modules/[4m@prisma[24m/client/src/runtime/RequestHandler.ts:242:13[90m)[39m
    at ei.handleAndLogRequestError [90m(/Users/thorsrud/prediktfi-protocol-1/[39mnode_modules/[4m@prisma[24m/client/src/runtime/RequestHandler.ts:174:12[90m)[39m
    at ei.request [90m(/Users/thorsrud/prediktfi-protocol-1/[39mnode_modules/[4m@prisma[24m/client/src/runtime/RequestHandler.ts:143:12[90m)[39m
    at a [90m(/Users/thorsrud/prediktfi-protocol-1/[39mnode_modules/[4m@prisma[24m/client/src/runtime/getPrismaClient.ts:833:24[90m)[39m
    at Module.GET [90m(/Users/thorsrud/prediktfi-protocol-1/[39mapp/api/public/creators/[id]/history/route.ts:51:19[90m)[39m
    at [90m/Users/thorsrud/prediktfi-protocol-1/[39mtests/creator-profile.test.ts:70:24
    at [90mfile:///Users/thorsrud/prediktfi-protocol-1/[39mnode_modules/[4m@vitest[24m/runner/dist/chunk-hooks.js:752:20 {
  clientVersion: [32m&apos;6.19.0&apos;[39m,
  errorCode: [90mundefined[39m,
  retryable: [90mundefined[39m
}

            </system-err>
        </testcase>
        <testcase classname="tests/creator-profile.test.ts" name="Creator Profile API &gt; GET /api/public/creators/[id]/score &gt; should return 404 for non-existent creator" time="0.009828209">
            <system-err>
Error fetching creator score: PrismaClientInitializationError: 
Invalid `prisma.creator.findUnique()` invocation:


error: Error validating datasource `db`: the URL must start with the protocol `postgresql://` or `postgres://`.
  --&gt;  schema.prisma:7
   | 
 6 |   provider = &quot;postgresql&quot;
 7 |   url      = env(&quot;DATABASE_URL&quot;)
   | 

Validation Error Count: 1
    at ei.handleRequestError [90m(/Users/thorsrud/prediktfi-protocol-1/[39mnode_modules/[4m@prisma[24m/client/src/runtime/RequestHandler.ts:242:13[90m)[39m
    at ei.handleAndLogRequestError [90m(/Users/thorsrud/prediktfi-protocol-1/[39mnode_modules/[4m@prisma[24m/client/src/runtime/RequestHandler.ts:174:12[90m)[39m
    at ei.request [90m(/Users/thorsrud/prediktfi-protocol-1/[39mnode_modules/[4m@prisma[24m/client/src/runtime/RequestHandler.ts:143:12[90m)[39m
    at a [90m(/Users/thorsrud/prediktfi-protocol-1/[39mnode_modules/[4m@prisma[24m/client/src/runtime/getPrismaClient.ts:833:24[90m)[39m
    at Module.GET [90m(/Users/thorsrud/prediktfi-protocol-1/[39mapp/api/public/creators/[id]/score/route.ts:42:19[90m)[39m
    at [90m/Users/thorsrud/prediktfi-protocol-1/[39mtests/creator-profile.test.ts:83:24
    at [90mfile:///Users/thorsrud/prediktfi-protocol-1/[39mnode_modules/[4m@vitest[24m/runner/dist/chunk-hooks.js:752:20 {
  clientVersion: [32m&apos;6.19.0&apos;[39m,
  errorCode: [90mundefined[39m,
  retryable: [90mundefined[39m
}

            </system-err>
            <failure message="expected 500 to be 404 // Object.is equality" type="AssertionError">
AssertionError: expected 500 to be 404 // Object.is equality

- Expected
+ Received

- 404
+ 500

 ❯ tests/creator-profile.test.ts:85:31
            </failure>
        </testcase>
        <testcase classname="tests/creator-profile.test.ts" name="Creator Profile API &gt; GET /api/public/creators/[id]/score &gt; should return 200 with valid score data structure" time="0.004663263">
            <system-err>
Error fetching creator score: PrismaClientInitializationError: 
Invalid `prisma.creator.findUnique()` invocation:


error: Error validating datasource `db`: the URL must start with the protocol `postgresql://` or `postgres://`.
  --&gt;  schema.prisma:7
   | 
 6 |   provider = &quot;postgresql&quot;
 7 |   url      = env(&quot;DATABASE_URL&quot;)
   | 

Validation Error Count: 1
    at ei.handleRequestError [90m(/Users/thorsrud/prediktfi-protocol-1/[39mnode_modules/[4m@prisma[24m/client/src/runtime/RequestHandler.ts:242:13[90m)[39m
    at ei.handleAndLogRequestError [90m(/Users/thorsrud/prediktfi-protocol-1/[39mnode_modules/[4m@prisma[24m/client/src/runtime/RequestHandler.ts:174:12[90m)[39m
    at ei.request [90m(/Users/thorsrud/prediktfi-protocol-1/[39mnode_modules/[4m@prisma[24m/client/src/runtime/RequestHandler.ts:143:12[90m)[39m
    at a [90m(/Users/thorsrud/prediktfi-protocol-1/[39mnode_modules/[4m@prisma[24m/client/src/runtime/getPrismaClient.ts:833:24[90m)[39m
    at Module.GET [90m(/Users/thorsrud/prediktfi-protocol-1/[39mapp/api/public/creators/[id]/score/route.ts:42:19[90m)[39m
    at [90m/Users/thorsrud/prediktfi-protocol-1/[39mtests/creator-profile.test.ts:92:24
    at [90mfile:///Users/thorsrud/prediktfi-protocol-1/[39mnode_modules/[4m@vitest[24m/runner/dist/chunk-hooks.js:752:20 {
  clientVersion: [32m&apos;6.19.0&apos;[39m,
  errorCode: [90mundefined[39m,
  retryable: [90mundefined[39m
}

            </system-err>
        </testcase>
        <testcase classname="tests/creator-profile.test.ts" name="Creator Profile API &gt; GET /api/public/creators/[id]/score &gt; should include proper cache headers" time="0.005000473">
            <system-err>
Error fetching creator score: PrismaClientInitializationError: 
Invalid `prisma.creator.findUnique()` invocation:


error: Error validating datasource `db`: the URL must start with the protocol `postgresql://` or `postgres://`.
  --&gt;  schema.prisma:7
   | 
 6 |   provider = &quot;postgresql&quot;
 7 |   url      = env(&quot;DATABASE_URL&quot;)
   | 

Validation Error Count: 1
    at ei.handleRequestError [90m(/Users/thorsrud/prediktfi-protocol-1/[39mnode_modules/[4m@prisma[24m/client/src/runtime/RequestHandler.ts:242:13[90m)[39m
    at ei.handleAndLogRequestError [90m(/Users/thorsrud/prediktfi-protocol-1/[39mnode_modules/[4m@prisma[24m/client/src/runtime/RequestHandler.ts:174:12[90m)[39m
    at ei.request [90m(/Users/thorsrud/prediktfi-protocol-1/[39mnode_modules/[4m@prisma[24m/client/src/runtime/RequestHandler.ts:143:12[90m)[39m
    at a [90m(/Users/thorsrud/prediktfi-protocol-1/[39mnode_modules/[4m@prisma[24m/client/src/runtime/getPrismaClient.ts:833:24[90m)[39m
    at Module.GET [90m(/Users/thorsrud/prediktfi-protocol-1/[39mapp/api/public/creators/[id]/score/route.ts:42:19[90m)[39m
    at [90m/Users/thorsrud/prediktfi-protocol-1/[39mtests/creator-profile.test.ts:116:24
    at [90mfile:///Users/thorsrud/prediktfi-protocol-1/[39mnode_modules/[4m@vitest[24m/runner/dist/chunk-hooks.js:752:20 {
  clientVersion: [32m&apos;6.19.0&apos;[39m,
  errorCode: [90mundefined[39m,
  retryable: [90mundefined[39m
}

            </system-err>
        </testcase>
        <testcase classname="tests/creator-profile.test.ts" name="Creator Profile API &gt; Performance Tests &gt; should complete history request within 300ms" time="0.007261223">
            <system-err>
Error fetching creator history: PrismaClientInitializationError: 
Invalid `prisma.creator.findUnique()` invocation:


error: Error validating datasource `db`: the URL must start with the protocol `postgresql://` or `postgres://`.
  --&gt;  schema.prisma:7
   | 
 6 |   provider = &quot;postgresql&quot;
 7 |   url      = env(&quot;DATABASE_URL&quot;)
   | 

Validation Error Count: 1
    at ei.handleRequestError [90m(/Users/thorsrud/prediktfi-protocol-1/[39mnode_modules/[4m@prisma[24m/client/src/runtime/RequestHandler.ts:242:13[90m)[39m
    at ei.handleAndLogRequestError [90m(/Users/thorsrud/prediktfi-protocol-1/[39mnode_modules/[4m@prisma[24m/client/src/runtime/RequestHandler.ts:174:12[90m)[39m
    at ei.request [90m(/Users/thorsrud/prediktfi-protocol-1/[39mnode_modules/[4m@prisma[24m/client/src/runtime/RequestHandler.ts:143:12[90m)[39m
    at a [90m(/Users/thorsrud/prediktfi-protocol-1/[39mnode_modules/[4m@prisma[24m/client/src/runtime/getPrismaClient.ts:833:24[90m)[39m
    at Module.GET [90m(/Users/thorsrud/prediktfi-protocol-1/[39mapp/api/public/creators/[id]/history/route.ts:51:19[90m)[39m
    at [90m/Users/thorsrud/prediktfi-protocol-1/[39mtests/creator-profile.test.ts:130:24
    at [90mfile:///Users/thorsrud/prediktfi-protocol-1/[39mnode_modules/[4m@vitest[24m/runner/dist/chunk-hooks.js:752:20 {
  clientVersion: [32m&apos;6.19.0&apos;[39m,
  errorCode: [90mundefined[39m,
  retryable: [90mundefined[39m
}

            </system-err>
        </testcase>
        <testcase classname="tests/creator-profile.test.ts" name="Creator Profile API &gt; Performance Tests &gt; should complete score request within 100ms" time="0.006276078">
            <system-err>
Error fetching creator score: PrismaClientInitializationError: 
Invalid `prisma.creator.findUnique()` invocation:


error: Error validating datasource `db`: the URL must start with the protocol `postgresql://` or `postgres://`.
  --&gt;  schema.prisma:7
   | 
 6 |   provider = &quot;postgresql&quot;
 7 |   url      = env(&quot;DATABASE_URL&quot;)
   | 

Validation Error Count: 1
    at ei.handleRequestError [90m(/Users/thorsrud/prediktfi-protocol-1/[39mnode_modules/[4m@prisma[24m/client/src/runtime/RequestHandler.ts:242:13[90m)[39m
    at ei.handleAndLogRequestError [90m(/Users/thorsrud/prediktfi-protocol-1/[39mnode_modules/[4m@prisma[24m/client/src/runtime/RequestHandler.ts:174:12[90m)[39m
    at ei.request [90m(/Users/thorsrud/prediktfi-protocol-1/[39mnode_modules/[4m@prisma[24m/client/src/runtime/RequestHandler.ts:143:12[90m)[39m
    at a [90m(/Users/thorsrud/prediktfi-protocol-1/[39mnode_modules/[4m@prisma[24m/client/src/runtime/getPrismaClient.ts:833:24[90m)[39m
    at Module.GET [90m(/Users/thorsrud/prediktfi-protocol-1/[39mapp/api/public/creators/[id]/score/route.ts:42:19[90m)[39m
    at [90m/Users/thorsrud/prediktfi-protocol-1/[39mtests/creator-profile.test.ts:142:24
    at [90mfile:///Users/thorsrud/prediktfi-protocol-1/[39mnode_modules/[4m@vitest[24m/runner/dist/chunk-hooks.js:752:20 {
  clientVersion: [32m&apos;6.19.0&apos;[39m,
  errorCode: [90mundefined[39m,
  retryable: [90mundefined[39m
}

            </system-err>
        </testcase>
    </testsuite>
    <testsuite name="tests/creator-utils.test.ts" timestamp="2026-01-22T17:04:33.329Z" hostname="MacBookPro.lan" tests="13" failures="0" errors="0" skipped="0" time="0.147984049">
        <testcase classname="tests/creator-utils.test.ts" name="Creator Utils &gt; slugifyTitle &gt; converts title to lowercase with hyphens" time="0.010418801">
        </testcase>
        <testcase classname="tests/creator-utils.test.ts" name="Creator Utils &gt; slugifyTitle &gt; removes special characters" time="0.017298692">
        </testcase>
        <testcase classname="tests/creator-utils.test.ts" name="Creator Utils &gt; slugifyTitle &gt; handles multiple spaces" time="0.004335438">
        </testcase>
        <testcase classname="tests/creator-utils.test.ts" name="Creator Utils &gt; slugifyTitle &gt; removes leading and trailing hyphens" time="0.00085947">
        </testcase>
        <testcase classname="tests/creator-utils.test.ts" name="Creator Utils &gt; slugifyTitle &gt; handles empty string" time="0.000387897">
        </testcase>
        <testcase classname="tests/creator-utils.test.ts" name="Creator Utils &gt; slugifyTitle &gt; handles Norwegian characters" time="0.000527352">
        </testcase>
        <testcase classname="tests/creator-utils.test.ts" name="Creator Utils &gt; buildRefUrl &gt; builds URL with creator and ref parameters" time="0.012606344">
        </testcase>
        <testcase classname="tests/creator-utils.test.ts" name="Creator Utils &gt; buildRefUrl &gt; uses creator as ref when no ref provided" time="0.058770354">
        </testcase>
        <testcase classname="tests/creator-utils.test.ts" name="Creator Utils &gt; buildRefUrl &gt; handles URL encoding" time="0.025040687">
        </testcase>
        <testcase classname="tests/creator-utils.test.ts" name="Creator Utils &gt; buildRefUrl &gt; handles empty ref" time="0.003374775">
        </testcase>
        <testcase classname="tests/creator-utils.test.ts" name="Creator Utils &gt; generateMarketId &gt; generates ID with current year suffix" time="0.000704947">
        </testcase>
        <testcase classname="tests/creator-utils.test.ts" name="Creator Utils &gt; generateMarketId &gt; handles empty title" time="0.000545007">
        </testcase>
        <testcase classname="tests/creator-utils.test.ts" name="Creator Utils &gt; generateMarketId &gt; handles complex titles" time="0.000515426">
        </testcase>
    </testsuite>
    <testsuite name="tests/indicators.test.ts" timestamp="2026-01-22T17:04:33.340Z" hostname="MacBookPro.lan" tests="6" failures="0" errors="0" skipped="0" time="0.080540013">
        <testcase classname="tests/indicators.test.ts" name="Technical Indicators &gt; should have RSI calculation function" time="0.015826638">
        </testcase>
        <testcase classname="tests/indicators.test.ts" name="Technical Indicators &gt; should have SMA calculation function" time="0.008283273">
        </testcase>
        <testcase classname="tests/indicators.test.ts" name="Technical Indicators &gt; should have EMA calculation function" time="0.009179628">
        </testcase>
        <testcase classname="tests/indicators.test.ts" name="Technical Indicators &gt; should have ATR calculation function" time="0.010532521">
        </testcase>
        <testcase classname="tests/indicators.test.ts" name="Technical Indicators &gt; should have support/resistance detection" time="0.00864019">
        </testcase>
        <testcase classname="tests/indicators.test.ts" name="Technical Indicators &gt; should have moving average crossover detection" time="0.011076738">
        </testcase>
    </testsuite>
    <testsuite name="tests/license.test.ts" timestamp="2026-01-22T17:04:33.385Z" hostname="MacBookPro.lan" tests="2" failures="0" errors="0" skipped="0" time="0.031010248">
        <testcase classname="tests/license.test.ts" name="license utils &gt; computes and verifies license" time="0.02567633">
        </testcase>
        <testcase classname="tests/license.test.ts" name="license utils &gt; rejects tampered license" time="0.001537385">
        </testcase>
    </testsuite>
    <testsuite name="tests/logistic.test.ts" timestamp="2026-01-22T17:04:33.388Z" hostname="MacBookPro.lan" tests="10" failures="0" errors="0" skipped="0" time="0.114813618">
        <testcase classname="tests/logistic.test.ts" name="Logistic Regression &gt; should train model successfully" time="0.040528238">
            <system-out>
Training logistic regression on 6 samples...
Iteration 0: loss=0.684044, accuracy=0.500
Iteration 10: loss=0.649230, accuracy=0.500
Training completed: 20 iterations, final accuracy: 0.667

            </system-out>
        </testcase>
        <testcase classname="tests/logistic.test.ts" name="Logistic Regression &gt; should predict probabilities monotonically" time="0.00396347">
            <system-out>
Training logistic regression on 6 samples...
Iteration 0: loss=0.686441, accuracy=0.833
Iteration 10: loss=0.649397, accuracy=0.667
Training completed: 20 iterations, final accuracy: 0.667

            </system-out>
        </testcase>
        <testcase classname="tests/logistic.test.ts" name="Logistic Regression &gt; should predict binary outcomes correctly" time="0.004895193">
            <system-out>
Training logistic regression on 6 samples...
Iteration 0: loss=0.701836, accuracy=0.000
Iteration 10: loss=0.663229, accuracy=0.500
Iteration 20: loss=0.632679, accuracy=0.667
Iteration 30: loss=0.605996, accuracy=0.833
Iteration 40: loss=0.581880, accuracy=0.833
Training completed: 50 iterations, final accuracy: 0.833

            </system-out>
        </testcase>
        <testcase classname="tests/logistic.test.ts" name="Logistic Regression &gt; should save and load model correctly" time="0.030902884">
            <system-out>
Training logistic regression on 6 samples...
Iteration 0: loss=0.689549, accuracy=0.500
Iteration 10: loss=0.653731, accuracy=0.500
Training completed: 20 iterations, final accuracy: 0.667

            </system-out>
        </testcase>
        <testcase classname="tests/logistic.test.ts" name="Logistic Regression &gt; should validate model performance" time="0.003384217">
            <system-out>
Training logistic regression on 6 samples...
Iteration 0: loss=0.690297, accuracy=0.500
Iteration 10: loss=0.549388, accuracy=0.833
Iteration 20: loss=0.465615, accuracy=1.000
Iteration 30: loss=0.408289, accuracy=1.000
Iteration 40: loss=0.367400, accuracy=1.000
Iteration 50: loss=0.337144, accuracy=1.000
Iteration 60: loss=0.314055, accuracy=1.000
Iteration 70: loss=0.295979, accuracy=1.000
Iteration 80: loss=0.281526, accuracy=1.000
Iteration 90: loss=0.269768, accuracy=1.000
Training completed: 100 iterations, final accuracy: 1.000

            </system-out>
        </testcase>
        <testcase classname="tests/logistic.test.ts" name="Logistic Regression &gt; should calculate feature importance" time="0.001697752">
            <system-out>
Training logistic regression on 6 samples...
Iteration 0: loss=0.698707, accuracy=0.000
Iteration 10: loss=0.660602, accuracy=0.500
Training completed: 20 iterations, final accuracy: 0.667

            </system-out>
        </testcase>
        <testcase classname="tests/logistic.test.ts" name="Logistic Regression &gt; should handle empty training data" time="0.001738803">
        </testcase>
        <testcase classname="tests/logistic.test.ts" name="Logistic Regression &gt; should handle mismatched data lengths" time="0.000568195">
        </testcase>
        <testcase classname="tests/logistic.test.ts" name="Logistic Regression &gt; should converge within max iterations" time="0.02199968">
            <system-out>
Training logistic regression on 6 samples...
Iteration 0: loss=0.686387, accuracy=0.500
Training completed: 5 iterations, final accuracy: 0.500

            </system-out>
        </testcase>
        <testcase classname="tests/logistic.test.ts" name="Logistic Regression &gt; should improve with more iterations" time="0.001298847">
            <system-out>
Training logistic regression on 6 samples...
Iteration 0: loss=0.708731, accuracy=0.500
Training completed: 5 iterations, final accuracy: 0.667
Training logistic regression on 6 samples...
Iteration 0: loss=0.692152, accuracy=0.500
Iteration 10: loss=0.653789, accuracy=0.667
Training completed: 20 iterations, final accuracy: 0.667

            </system-out>
        </testcase>
    </testsuite>
    <testsuite name="tests/memo.test.ts" timestamp="2026-01-22T17:04:33.420Z" hostname="MacBookPro.lan" tests="1" failures="0" errors="0" skipped="0" time="0.017771874">
        <testcase classname="tests/memo.test.ts" name="memo helpers &gt; creates valid JSON with expected fields" time="0.011316332">
        </testcase>
    </testsuite>
    <testsuite name="tests/payment.test.ts" timestamp="2026-01-22T17:04:33.422Z" hostname="MacBookPro.lan" tests="5" failures="5" errors="0" skipped="0" time="0.113780062">
        <testcase classname="tests/payment.test.ts" name="Payment System &gt; Solana Pay URL Generation &gt; should create valid Solana Pay URL for USDC" time="0.084461782">
            <failure message="
Invalid `prisma.payment.deleteMany()` invocation:


error: Error validating datasource `db`: the URL must start with the protocol `postgresql://` or `postgres://`.
  --&gt;  schema.prisma:7
   | 
 6 |   provider = &quot;postgresql&quot;
 7 |   url      = env(&quot;DATABASE_URL&quot;)
   | 

Validation Error Count: 1" type="PrismaClientInitializationError">
PrismaClientInitializationError: 
Invalid `prisma.payment.deleteMany()` invocation:


error: Error validating datasource `db`: the URL must start with the protocol `postgresql://` or `postgres://`.
  --&gt;  schema.prisma:7
   | 
 6 |   provider = &quot;postgresql&quot;
 7 |   url      = env(&quot;DATABASE_URL&quot;)
   | 

Validation Error Count: 1
 ❯ ei.handleRequestError node_modules/@prisma/client/src/runtime/RequestHandler.ts:242:13
 ❯ ei.handleAndLogRequestError node_modules/@prisma/client/src/runtime/RequestHandler.ts:174:12
 ❯ ei.request node_modules/@prisma/client/src/runtime/RequestHandler.ts:143:12
 ❯ a node_modules/@prisma/client/src/runtime/getPrismaClient.ts:833:24
 ❯ tests/payment.test.ts:10:5

⎯⎯⎯⎯⎯⎯⎯⎯⎯⎯⎯⎯⎯⎯⎯⎯⎯⎯⎯⎯⎯⎯⎯⎯⎯⎯⎯⎯⎯⎯⎯⎯⎯⎯⎯⎯⎯⎯⎯⎯⎯⎯⎯⎯⎯⎯⎯⎯⎯⎯⎯⎯⎯⎯⎯⎯⎯⎯⎯⎯⎯⎯⎯⎯⎯⎯⎯⎯⎯⎯⎯⎯⎯⎯⎯⎯⎯⎯⎯⎯⎯⎯⎯⎯⎯⎯⎯
Serialized Error: { clientVersion: &apos;6.19.0&apos;, errorCode: undefined, retryable: undefined }
            </failure>
            <failure message="
Invalid `prisma.payment.deleteMany()` invocation:


error: Error validating datasource `db`: the URL must start with the protocol `postgresql://` or `postgres://`.
  --&gt;  schema.prisma:7
   | 
 6 |   provider = &quot;postgresql&quot;
 7 |   url      = env(&quot;DATABASE_URL&quot;)
   | 

Validation Error Count: 1" type="PrismaClientInitializationError">
PrismaClientInitializationError: 
Invalid `prisma.payment.deleteMany()` invocation:


error: Error validating datasource `db`: the URL must start with the protocol `postgresql://` or `postgres://`.
  --&gt;  schema.prisma:7
   | 
 6 |   provider = &quot;postgresql&quot;
 7 |   url      = env(&quot;DATABASE_URL&quot;)
   | 

Validation Error Count: 1
 ❯ ei.handleRequestError node_modules/@prisma/client/src/runtime/RequestHandler.ts:242:13
 ❯ ei.handleAndLogRequestError node_modules/@prisma/client/src/runtime/RequestHandler.ts:174:12
 ❯ ei.request node_modules/@prisma/client/src/runtime/RequestHandler.ts:143:12
 ❯ a node_modules/@prisma/client/src/runtime/getPrismaClient.ts:833:24
 ❯ tests/payment.test.ts:16:5

⎯⎯⎯⎯⎯⎯⎯⎯⎯⎯⎯⎯⎯⎯⎯⎯⎯⎯⎯⎯⎯⎯⎯⎯⎯⎯⎯⎯⎯⎯⎯⎯⎯⎯⎯⎯⎯⎯⎯⎯⎯⎯⎯⎯⎯⎯⎯⎯⎯⎯⎯⎯⎯⎯⎯⎯⎯⎯⎯⎯⎯⎯⎯⎯⎯⎯⎯⎯⎯⎯⎯⎯⎯⎯⎯⎯⎯⎯⎯⎯⎯⎯⎯⎯⎯⎯⎯
Serialized Error: { clientVersion: &apos;6.19.0&apos;, errorCode: undefined, retryable: undefined }
            </failure>
        </testcase>
        <testcase classname="tests/payment.test.ts" name="Payment System &gt; Solana Pay URL Generation &gt; should create valid Solana Pay URL for SOL" time="0.006418745">
            <failure message="
Invalid `prisma.payment.deleteMany()` invocation:


error: Error validating datasource `db`: the URL must start with the protocol `postgresql://` or `postgres://`.
  --&gt;  schema.prisma:7
   | 
 6 |   provider = &quot;postgresql&quot;
 7 |   url      = env(&quot;DATABASE_URL&quot;)
   | 

Validation Error Count: 1" type="PrismaClientInitializationError">
PrismaClientInitializationError: 
Invalid `prisma.payment.deleteMany()` invocation:


error: Error validating datasource `db`: the URL must start with the protocol `postgresql://` or `postgres://`.
  --&gt;  schema.prisma:7
   | 
 6 |   provider = &quot;postgresql&quot;
 7 |   url      = env(&quot;DATABASE_URL&quot;)
   | 

Validation Error Count: 1
 ❯ ei.handleRequestError node_modules/@prisma/client/src/runtime/RequestHandler.ts:242:13
 ❯ ei.handleAndLogRequestError node_modules/@prisma/client/src/runtime/RequestHandler.ts:174:12
 ❯ ei.request node_modules/@prisma/client/src/runtime/RequestHandler.ts:143:12
 ❯ a node_modules/@prisma/client/src/runtime/getPrismaClient.ts:833:24
 ❯ tests/payment.test.ts:10:5

⎯⎯⎯⎯⎯⎯⎯⎯⎯⎯⎯⎯⎯⎯⎯⎯⎯⎯⎯⎯⎯⎯⎯⎯⎯⎯⎯⎯⎯⎯⎯⎯⎯⎯⎯⎯⎯⎯⎯⎯⎯⎯⎯⎯⎯⎯⎯⎯⎯⎯⎯⎯⎯⎯⎯⎯⎯⎯⎯⎯⎯⎯⎯⎯⎯⎯⎯⎯⎯⎯⎯⎯⎯⎯⎯⎯⎯⎯⎯⎯⎯⎯⎯⎯⎯⎯⎯
Serialized Error: { clientVersion: &apos;6.19.0&apos;, errorCode: undefined, retryable: undefined }
            </failure>
            <failure message="
Invalid `prisma.payment.deleteMany()` invocation:


error: Error validating datasource `db`: the URL must start with the protocol `postgresql://` or `postgres://`.
  --&gt;  schema.prisma:7
   | 
 6 |   provider = &quot;postgresql&quot;
 7 |   url      = env(&quot;DATABASE_URL&quot;)
   | 

Validation Error Count: 1" type="PrismaClientInitializationError">
PrismaClientInitializationError: 
Invalid `prisma.payment.deleteMany()` invocation:


error: Error validating datasource `db`: the URL must start with the protocol `postgresql://` or `postgres://`.
  --&gt;  schema.prisma:7
   | 
 6 |   provider = &quot;postgresql&quot;
 7 |   url      = env(&quot;DATABASE_URL&quot;)
   | 

Validation Error Count: 1
 ❯ ei.handleRequestError node_modules/@prisma/client/src/runtime/RequestHandler.ts:242:13
 ❯ ei.handleAndLogRequestError node_modules/@prisma/client/src/runtime/RequestHandler.ts:174:12
 ❯ ei.request node_modules/@prisma/client/src/runtime/RequestHandler.ts:143:12
 ❯ a node_modules/@prisma/client/src/runtime/getPrismaClient.ts:833:24
 ❯ tests/payment.test.ts:16:5

⎯⎯⎯⎯⎯⎯⎯⎯⎯⎯⎯⎯⎯⎯⎯⎯⎯⎯⎯⎯⎯⎯⎯⎯⎯⎯⎯⎯⎯⎯⎯⎯⎯⎯⎯⎯⎯⎯⎯⎯⎯⎯⎯⎯⎯⎯⎯⎯⎯⎯⎯⎯⎯⎯⎯⎯⎯⎯⎯⎯⎯⎯⎯⎯⎯⎯⎯⎯⎯⎯⎯⎯⎯⎯⎯⎯⎯⎯⎯⎯⎯⎯⎯⎯⎯⎯⎯
Serialized Error: { clientVersion: &apos;6.19.0&apos;, errorCode: undefined, retryable: undefined }
            </failure>
        </testcase>
        <testcase classname="tests/payment.test.ts" name="Payment System &gt; SOL Amount Calculation &gt; should calculate SOL amount from USD" time="0.005640681">
            <failure message="
Invalid `prisma.payment.deleteMany()` invocation:


error: Error validating datasource `db`: the URL must start with the protocol `postgresql://` or `postgres://`.
  --&gt;  schema.prisma:7
   | 
 6 |   provider = &quot;postgresql&quot;
 7 |   url      = env(&quot;DATABASE_URL&quot;)
   | 

Validation Error Count: 1" type="PrismaClientInitializationError">
PrismaClientInitializationError: 
Invalid `prisma.payment.deleteMany()` invocation:


error: Error validating datasource `db`: the URL must start with the protocol `postgresql://` or `postgres://`.
  --&gt;  schema.prisma:7
   | 
 6 |   provider = &quot;postgresql&quot;
 7 |   url      = env(&quot;DATABASE_URL&quot;)
   | 

Validation Error Count: 1
 ❯ ei.handleRequestError node_modules/@prisma/client/src/runtime/RequestHandler.ts:242:13
 ❯ ei.handleAndLogRequestError node_modules/@prisma/client/src/runtime/RequestHandler.ts:174:12
 ❯ ei.request node_modules/@prisma/client/src/runtime/RequestHandler.ts:143:12
 ❯ a node_modules/@prisma/client/src/runtime/getPrismaClient.ts:833:24
 ❯ tests/payment.test.ts:10:5

⎯⎯⎯⎯⎯⎯⎯⎯⎯⎯⎯⎯⎯⎯⎯⎯⎯⎯⎯⎯⎯⎯⎯⎯⎯⎯⎯⎯⎯⎯⎯⎯⎯⎯⎯⎯⎯⎯⎯⎯⎯⎯⎯⎯⎯⎯⎯⎯⎯⎯⎯⎯⎯⎯⎯⎯⎯⎯⎯⎯⎯⎯⎯⎯⎯⎯⎯⎯⎯⎯⎯⎯⎯⎯⎯⎯⎯⎯⎯⎯⎯⎯⎯⎯⎯⎯⎯
Serialized Error: { clientVersion: &apos;6.19.0&apos;, errorCode: undefined, retryable: undefined }
            </failure>
            <failure message="
Invalid `prisma.payment.deleteMany()` invocation:


error: Error validating datasource `db`: the URL must start with the protocol `postgresql://` or `postgres://`.
  --&gt;  schema.prisma:7
   | 
 6 |   provider = &quot;postgresql&quot;
 7 |   url      = env(&quot;DATABASE_URL&quot;)
   | 

Validation Error Count: 1" type="PrismaClientInitializationError">
PrismaClientInitializationError: 
Invalid `prisma.payment.deleteMany()` invocation:


error: Error validating datasource `db`: the URL must start with the protocol `postgresql://` or `postgres://`.
  --&gt;  schema.prisma:7
   | 
 6 |   provider = &quot;postgresql&quot;
 7 |   url      = env(&quot;DATABASE_URL&quot;)
   | 

Validation Error Count: 1
 ❯ ei.handleRequestError node_modules/@prisma/client/src/runtime/RequestHandler.ts:242:13
 ❯ ei.handleAndLogRequestError node_modules/@prisma/client/src/runtime/RequestHandler.ts:174:12
 ❯ ei.request node_modules/@prisma/client/src/runtime/RequestHandler.ts:143:12
 ❯ a node_modules/@prisma/client/src/runtime/getPrismaClient.ts:833:24
 ❯ tests/payment.test.ts:16:5

⎯⎯⎯⎯⎯⎯⎯⎯⎯⎯⎯⎯⎯⎯⎯⎯⎯⎯⎯⎯⎯⎯⎯⎯⎯⎯⎯⎯⎯⎯⎯⎯⎯⎯⎯⎯⎯⎯⎯⎯⎯⎯⎯⎯⎯⎯⎯⎯⎯⎯⎯⎯⎯⎯⎯⎯⎯⎯⎯⎯⎯⎯⎯⎯⎯⎯⎯⎯⎯⎯⎯⎯⎯⎯⎯⎯⎯⎯⎯⎯⎯⎯⎯⎯⎯⎯⎯
Serialized Error: { clientVersion: &apos;6.19.0&apos;, errorCode: undefined, retryable: undefined }
            </failure>
        </testcase>
        <testcase classname="tests/payment.test.ts" name="Payment System &gt; Invoice Creation &gt; should create invoice with correct data" time="0.007911929">
            <failure message="
Invalid `prisma.payment.deleteMany()` invocation:


error: Error validating datasource `db`: the URL must start with the protocol `postgresql://` or `postgres://`.
  --&gt;  schema.prisma:7
   | 
 6 |   provider = &quot;postgresql&quot;
 7 |   url      = env(&quot;DATABASE_URL&quot;)
   | 

Validation Error Count: 1" type="PrismaClientInitializationError">
PrismaClientInitializationError: 
Invalid `prisma.payment.deleteMany()` invocation:


error: Error validating datasource `db`: the URL must start with the protocol `postgresql://` or `postgres://`.
  --&gt;  schema.prisma:7
   | 
 6 |   provider = &quot;postgresql&quot;
 7 |   url      = env(&quot;DATABASE_URL&quot;)
   | 

Validation Error Count: 1
 ❯ ei.handleRequestError node_modules/@prisma/client/src/runtime/RequestHandler.ts:242:13
 ❯ ei.handleAndLogRequestError node_modules/@prisma/client/src/runtime/RequestHandler.ts:174:12
 ❯ ei.request node_modules/@prisma/client/src/runtime/RequestHandler.ts:143:12
 ❯ a node_modules/@prisma/client/src/runtime/getPrismaClient.ts:833:24
 ❯ tests/payment.test.ts:10:5

⎯⎯⎯⎯⎯⎯⎯⎯⎯⎯⎯⎯⎯⎯⎯⎯⎯⎯⎯⎯⎯⎯⎯⎯⎯⎯⎯⎯⎯⎯⎯⎯⎯⎯⎯⎯⎯⎯⎯⎯⎯⎯⎯⎯⎯⎯⎯⎯⎯⎯⎯⎯⎯⎯⎯⎯⎯⎯⎯⎯⎯⎯⎯⎯⎯⎯⎯⎯⎯⎯⎯⎯⎯⎯⎯⎯⎯⎯⎯⎯⎯⎯⎯⎯⎯⎯⎯
Serialized Error: { clientVersion: &apos;6.19.0&apos;, errorCode: undefined, retryable: undefined }
            </failure>
            <failure message="
Invalid `prisma.payment.deleteMany()` invocation:


error: Error validating datasource `db`: the URL must start with the protocol `postgresql://` or `postgres://`.
  --&gt;  schema.prisma:7
   | 
 6 |   provider = &quot;postgresql&quot;
 7 |   url      = env(&quot;DATABASE_URL&quot;)
   | 

Validation Error Count: 1" type="PrismaClientInitializationError">
PrismaClientInitializationError: 
Invalid `prisma.payment.deleteMany()` invocation:


error: Error validating datasource `db`: the URL must start with the protocol `postgresql://` or `postgres://`.
  --&gt;  schema.prisma:7
   | 
 6 |   provider = &quot;postgresql&quot;
 7 |   url      = env(&quot;DATABASE_URL&quot;)
   | 

Validation Error Count: 1
 ❯ ei.handleRequestError node_modules/@prisma/client/src/runtime/RequestHandler.ts:242:13
 ❯ ei.handleAndLogRequestError node_modules/@prisma/client/src/runtime/RequestHandler.ts:174:12
 ❯ ei.request node_modules/@prisma/client/src/runtime/RequestHandler.ts:143:12
 ❯ a node_modules/@prisma/client/src/runtime/getPrismaClient.ts:833:24
 ❯ tests/payment.test.ts:16:5

⎯⎯⎯⎯⎯⎯⎯⎯⎯⎯⎯⎯⎯⎯⎯⎯⎯⎯⎯⎯⎯⎯⎯⎯⎯⎯⎯⎯⎯⎯⎯⎯⎯⎯⎯⎯⎯⎯⎯⎯⎯⎯⎯⎯⎯⎯⎯⎯⎯⎯⎯⎯⎯⎯⎯⎯⎯⎯⎯⎯⎯⎯⎯⎯⎯⎯⎯⎯⎯⎯⎯⎯⎯⎯⎯⎯⎯⎯⎯⎯⎯⎯⎯⎯⎯⎯⎯
Serialized Error: { clientVersion: &apos;6.19.0&apos;, errorCode: undefined, retryable: undefined }
            </failure>
        </testcase>
        <testcase classname="tests/payment.test.ts" name="Payment System &gt; Payment Creation &gt; should create payment record" time="0.006760282">
            <failure message="
Invalid `prisma.payment.deleteMany()` invocation:


error: Error validating datasource `db`: the URL must start with the protocol `postgresql://` or `postgres://`.
  --&gt;  schema.prisma:7
   | 
 6 |   provider = &quot;postgresql&quot;
 7 |   url      = env(&quot;DATABASE_URL&quot;)
   | 

Validation Error Count: 1" type="PrismaClientInitializationError">
PrismaClientInitializationError: 
Invalid `prisma.payment.deleteMany()` invocation:


error: Error validating datasource `db`: the URL must start with the protocol `postgresql://` or `postgres://`.
  --&gt;  schema.prisma:7
   | 
 6 |   provider = &quot;postgresql&quot;
 7 |   url      = env(&quot;DATABASE_URL&quot;)
   | 

Validation Error Count: 1
 ❯ ei.handleRequestError node_modules/@prisma/client/src/runtime/RequestHandler.ts:242:13
 ❯ ei.handleAndLogRequestError node_modules/@prisma/client/src/runtime/RequestHandler.ts:174:12
 ❯ ei.request node_modules/@prisma/client/src/runtime/RequestHandler.ts:143:12
 ❯ a node_modules/@prisma/client/src/runtime/getPrismaClient.ts:833:24
 ❯ tests/payment.test.ts:10:5

⎯⎯⎯⎯⎯⎯⎯⎯⎯⎯⎯⎯⎯⎯⎯⎯⎯⎯⎯⎯⎯⎯⎯⎯⎯⎯⎯⎯⎯⎯⎯⎯⎯⎯⎯⎯⎯⎯⎯⎯⎯⎯⎯⎯⎯⎯⎯⎯⎯⎯⎯⎯⎯⎯⎯⎯⎯⎯⎯⎯⎯⎯⎯⎯⎯⎯⎯⎯⎯⎯⎯⎯⎯⎯⎯⎯⎯⎯⎯⎯⎯⎯⎯⎯⎯⎯⎯
Serialized Error: { clientVersion: &apos;6.19.0&apos;, errorCode: undefined, retryable: undefined }
            </failure>
            <failure message="
Invalid `prisma.payment.deleteMany()` invocation:


error: Error validating datasource `db`: the URL must start with the protocol `postgresql://` or `postgres://`.
  --&gt;  schema.prisma:7
   | 
 6 |   provider = &quot;postgresql&quot;
 7 |   url      = env(&quot;DATABASE_URL&quot;)
   | 

Validation Error Count: 1" type="PrismaClientInitializationError">
PrismaClientInitializationError: 
Invalid `prisma.payment.deleteMany()` invocation:


error: Error validating datasource `db`: the URL must start with the protocol `postgresql://` or `postgres://`.
  --&gt;  schema.prisma:7
   | 
 6 |   provider = &quot;postgresql&quot;
 7 |   url      = env(&quot;DATABASE_URL&quot;)
   | 

Validation Error Count: 1
 ❯ ei.handleRequestError node_modules/@prisma/client/src/runtime/RequestHandler.ts:242:13
 ❯ ei.handleAndLogRequestError node_modules/@prisma/client/src/runtime/RequestHandler.ts:174:12
 ❯ ei.request node_modules/@prisma/client/src/runtime/RequestHandler.ts:143:12
 ❯ a node_modules/@prisma/client/src/runtime/getPrismaClient.ts:833:24
 ❯ tests/payment.test.ts:16:5

⎯⎯⎯⎯⎯⎯⎯⎯⎯⎯⎯⎯⎯⎯⎯⎯⎯⎯⎯⎯⎯⎯⎯⎯⎯⎯⎯⎯⎯⎯⎯⎯⎯⎯⎯⎯⎯⎯⎯⎯⎯⎯⎯⎯⎯⎯⎯⎯⎯⎯⎯⎯⎯⎯⎯⎯⎯⎯⎯⎯⎯⎯⎯⎯⎯⎯⎯⎯⎯⎯⎯⎯⎯⎯⎯⎯⎯⎯⎯⎯⎯⎯⎯⎯⎯⎯⎯
Serialized Error: { clientVersion: &apos;6.19.0&apos;, errorCode: undefined, retryable: undefined }
            </failure>
        </testcase>
    </testsuite>
    <testsuite name="tests/platt.test.ts" timestamp="2026-01-22T17:04:33.463Z" hostname="MacBookPro.lan" tests="12" failures="0" errors="0" skipped="0" time="0.287452222">
        <testcase classname="tests/platt.test.ts" name="Platt Scaling &gt; should fit Platt scaling successfully" time="0.019380481">
            <system-out>
Training Platt scaling on 15 samples, holdout: 5
Platt iteration 0: loss=0.097333, a=1.0003, b=-0.0002
Platt iteration 100: loss=0.094540, a=1.0328, b=-0.0186
Platt iteration 200: loss=0.091965, a=1.0640, b=-0.0363
Platt iteration 300: loss=0.089581, a=1.0941, b=-0.0533
Platt iteration 400: loss=0.087368, a=1.1230, b=-0.0697
Platt iteration 500: loss=0.085305, a=1.1510, b=-0.0854
Platt iteration 600: loss=0.083376, a=1.1781, b=-0.1006
Platt iteration 700: loss=0.081569, a=1.2043, b=-0.1152
Platt iteration 800: loss=0.079870, a=1.2298, b=-0.1294
Platt iteration 900: loss=0.078271, a=1.2546, b=-0.1430
Platt scaling results:
  Original Brier score: 0.049000
  Calibrated Brier score: 0.040410
  Improvement: 0.008590
  Parameters: a=1.2784, b=-0.1561

            </system-out>
        </testcase>
        <testcase classname="tests/platt.test.ts" name="Platt Scaling &gt; should improve Brier score on holdout set" time="0.02776965">
            <system-out>
Training Platt scaling on 15 samples, holdout: 5
Platt iteration 0: loss=0.077000, a=1.0003, b=0.0000
Platt iteration 100: loss=0.075019, a=1.0318, b=0.0009
Platt iteration 200: loss=0.073215, a=1.0618, b=0.0017
Platt iteration 300: loss=0.071562, a=1.0905, b=0.0022
Platt iteration 400: loss=0.070040, a=1.1181, b=0.0026
Platt iteration 500: loss=0.068632, a=1.1446, b=0.0029
Platt iteration 600: loss=0.067324, a=1.1702, b=0.0030
Platt iteration 700: loss=0.066104, a=1.1949, b=0.0030
Platt iteration 800: loss=0.064962, a=1.2187, b=0.0029
Platt iteration 900: loss=0.063891, a=1.2419, b=0.0028
Platt scaling results:
  Original Brier score: 0.110000
  Calibrated Brier score: 0.096389
  Improvement: 0.013611
  Parameters: a=1.2641, b=0.0025

            </system-out>
        </testcase>
        <testcase classname="tests/platt.test.ts" name="Platt Scaling &gt; should calibrate probabilities correctly" time="0.03297063">
            <system-out>
Training Platt scaling on 15 samples, holdout: 5
Platt iteration 0: loss=0.090833, a=1.0003, b=-0.0002
Platt iteration 100: loss=0.087996, a=1.0338, b=-0.0174
Platt iteration 200: loss=0.085429, a=1.0657, b=-0.0337
Platt iteration 300: loss=0.083094, a=1.0962, b=-0.0491
Platt iteration 400: loss=0.080958, a=1.1254, b=-0.0638
Platt iteration 500: loss=0.078995, a=1.1534, b=-0.0777
Platt iteration 600: loss=0.077182, a=1.1804, b=-0.0911
Platt iteration 700: loss=0.075502, a=1.2064, b=-0.1038
Platt iteration 800: loss=0.073939, a=1.2315, b=-0.1160
Platt iteration 900: loss=0.072481, a=1.2559, b=-0.1278
Platt scaling results:
  Original Brier score: 0.068500
  Calibrated Brier score: 0.058099
  Improvement: 0.010401
  Parameters: a=1.2792, b=-0.1389

            </system-out>
        </testcase>
        <testcase classname="tests/platt.test.ts" name="Platt Scaling &gt; should maintain monotonicity after calibration" time="0.02093894">
            <system-out>
Training Platt scaling on 15 samples, holdout: 5
Platt iteration 0: loss=0.205500, a=0.9998, b=0.0002
Platt iteration 100: loss=0.203972, a=0.9809, b=0.0204
Platt iteration 200: loss=0.202576, a=0.9629, b=0.0397
Platt iteration 300: loss=0.201308, a=0.9459, b=0.0582
Platt iteration 400: loss=0.200163, a=0.9299, b=0.0760
Platt iteration 500: loss=0.199134, a=0.9147, b=0.0929
Platt iteration 600: loss=0.198214, a=0.9006, b=0.1090
Platt iteration 700: loss=0.197394, a=0.8874, b=0.1243
Platt iteration 800: loss=0.196668, a=0.8751, b=0.1388
Platt iteration 900: loss=0.196026, a=0.8636, b=0.1526
Platt scaling results:
  Original Brier score: 0.244500
  Calibrated Brier score: 0.260216
  Improvement: -0.015716
  Parameters: a=0.8532, b=0.1655

            </system-out>
        </testcase>
        <testcase classname="tests/platt.test.ts" name="Platt Scaling &gt; should handle perfect calibration case" time="0.015138675">
            <system-out>
Training Platt scaling on 10 samples, holdout: 5
Platt iteration 0: loss=0.109000, a=1.0004, b=-0.0003
Platt iteration 100: loss=0.104583, a=1.0379, b=-0.0285
Platt iteration 200: loss=0.100651, a=1.0737, b=-0.0547
Platt iteration 300: loss=0.097129, a=1.1078, b=-0.0790
Platt iteration 400: loss=0.093956, a=1.1406, b=-0.1017
Platt iteration 500: loss=0.091081, a=1.1720, b=-0.1229
Platt iteration 600: loss=0.088463, a=1.2022, b=-0.1427
Platt iteration 700: loss=0.086069, a=1.2314, b=-0.1613
Platt iteration 800: loss=0.083869, a=1.2596, b=-0.1788
Platt iteration 900: loss=0.081840, a=1.2868, b=-0.1952
Platt scaling results:
  Original Brier score: 0.062500
  Calibrated Brier score: 0.044087
  Improvement: 0.018413
  Parameters: a=1.3130, b=-0.2105

            </system-out>
        </testcase>
        <testcase classname="tests/platt.test.ts" name="Platt Scaling &gt; should save and load scaling correctly" time="0.013017393">
            <system-out>
Training Platt scaling on 15 samples, holdout: 5
Platt iteration 0: loss=0.080333, a=1.0003, b=-0.0000
Platt iteration 100: loss=0.078272, a=1.0324, b=-0.0011
Platt iteration 200: loss=0.076383, a=1.0631, b=-0.0023
Platt iteration 300: loss=0.074643, a=1.0925, b=-0.0036
Platt iteration 400: loss=0.073033, a=1.1209, b=-0.0050
Platt iteration 500: loss=0.071536, a=1.1482, b=-0.0065
Platt iteration 600: loss=0.070140, a=1.1746, b=-0.0080
Platt iteration 700: loss=0.068832, a=1.2001, b=-0.0095
Platt iteration 800: loss=0.067604, a=1.2248, b=-0.0111
Platt iteration 900: loss=0.066448, a=1.2488, b=-0.0127
Platt scaling results:
  Original Brier score: 0.100000
  Calibrated Brier score: 0.085964
  Improvement: 0.014036
  Parameters: a=1.2719, b=-0.0143

            </system-out>
        </testcase>
        <testcase classname="tests/platt.test.ts" name="Platt Scaling &gt; should validate calibration quality" time="0.078410752">
            <system-out>
Training Platt scaling on 15 samples, holdout: 5
Platt iteration 0: loss=0.067000, a=1.0003, b=-0.0000
Platt iteration 100: loss=0.065174, a=1.0305, b=-0.0018
Platt iteration 200: loss=0.063518, a=1.0591, b=-0.0038
Platt iteration 300: loss=0.062007, a=1.0865, b=-0.0060
Platt iteration 400: loss=0.060620, a=1.1128, b=-0.0083
Platt iteration 500: loss=0.059340, a=1.1379, b=-0.0107
Platt iteration 600: loss=0.058154, a=1.1621, b=-0.0132
Platt iteration 700: loss=0.057050, a=1.1855, b=-0.0159
Platt iteration 800: loss=0.056019, a=1.2080, b=-0.0186
Platt iteration 900: loss=0.055052, a=1.2298, b=-0.0214
Platt scaling results:
  Original Brier score: 0.140000
  Calibrated Brier score: 0.122428
  Improvement: 0.017572
  Parameters: a=1.2507, b=-0.0242

            </system-out>
        </testcase>
        <testcase classname="tests/platt.test.ts" name="Platt Scaling &gt; should handle edge cases" time="0.001998693">
        </testcase>
        <testcase classname="tests/platt.test.ts" name="Platt Scaling &gt; should handle mismatched data lengths" time="0.00080119">
        </testcase>
        <testcase classname="tests/platt.test.ts" name="Platt Scaling &gt; should work with full calibration pipeline" time="0.047902902">
            <system-out>
Training Platt scaling on 15 samples, holdout: 5
Platt iteration 0: loss=0.066833, a=1.0004, b=0.0000
Platt iteration 100: loss=0.064251, a=1.0360, b=0.0044
Platt iteration 200: loss=0.061919, a=1.0699, b=0.0086
Platt iteration 300: loss=0.059800, a=1.1022, b=0.0126
Platt iteration 400: loss=0.057863, a=1.1330, b=0.0166
Platt iteration 500: loss=0.056083, a=1.1626, b=0.0204
Platt iteration 600: loss=0.054441, a=1.1910, b=0.0240
Platt iteration 700: loss=0.052918, a=1.2184, b=0.0276
Platt iteration 800: loss=0.051501, a=1.2448, b=0.0311
Platt iteration 900: loss=0.050179, a=1.2702, b=0.0344
Platt scaling results:
  Original Brier score: 0.140500
  Calibrated Brier score: 0.136658
  Improvement: 0.003842
  Parameters: a=1.2947, b=0.0377

            </system-out>
        </testcase>
        <testcase classname="tests/platt.test.ts" name="Platt Scaling &gt; should improve calibration on holdout set" time="0.018936597">
            <system-out>
Training Platt scaling on 15 samples, holdout: 5
Platt iteration 0: loss=0.099667, a=1.0003, b=-0.0001
Platt iteration 100: loss=0.097607, a=1.0313, b=-0.0085
Platt iteration 200: loss=0.095697, a=1.0610, b=-0.0168
Platt iteration 300: loss=0.093918, a=1.0897, b=-0.0248
Platt iteration 400: loss=0.092255, a=1.1175, b=-0.0327
Platt iteration 500: loss=0.090694, a=1.1443, b=-0.0404
Platt iteration 600: loss=0.089226, a=1.1703, b=-0.0479
Platt iteration 700: loss=0.087840, a=1.1956, b=-0.0553
Platt iteration 800: loss=0.086530, a=1.2201, b=-0.0625
Platt iteration 900: loss=0.085286, a=1.2440, b=-0.0696
Platt scaling results:
  Original Brier score: 0.042000
  Calibrated Brier score: 0.025280
  Improvement: 0.016720
  Parameters: a=1.2671, b=-0.0765

            </system-out>
        </testcase>
        <testcase classname="tests/platt.test.ts" name="Platt Scaling &gt; should handle extreme probabilities" time="0.005460459">
            <system-out>
Training Platt scaling on 7 samples, holdout: 5
Platt iteration 0: loss=0.000072, a=1.0000, b=-0.0000
Platt scaling converged at iteration 1
Platt scaling results:
  Original Brier score: 0.000021
  Calibrated Brier score: 0.000021
  Improvement: 0.000000
  Parameters: a=1.0000, b=-0.0000

            </system-out>
        </testcase>
    </testsuite>
    <testsuite name="tests/pricing-page.test.tsx" timestamp="2026-01-22T17:04:33.479Z" hostname="MacBookPro.lan" tests="4" failures="0" errors="0" skipped="0" time="1.194809581">
        <testcase classname="tests/pricing-page.test.tsx" name="PricingPage &gt; renders the &quot;Who Pays?&quot; header" time="0.458980431">
        </testcase>
        <testcase classname="tests/pricing-page.test.tsx" name="PricingPage &gt; displays the three pricing tiers" time="0.119405132">
        </testcase>
        <testcase classname="tests/pricing-page.test.tsx" name="PricingPage &gt; shows the correct pricing for each tier" time="0.122916571">
        </testcase>
        <testcase classname="tests/pricing-page.test.tsx" name="PricingPage &gt; contains a link to start free" time="0.488022435">
        </testcase>
    </testsuite>
    <testsuite name="tests/rollout-api.test.ts" timestamp="2026-01-22T17:04:33.483Z" hostname="MacBookPro.lan" tests="8" failures="0" errors="0" skipped="0" time="0.254030283">
        <testcase classname="tests/rollout-api.test.ts" name="Rollout API &gt; should reject requests without signature" time="0.131186447">
        </testcase>
        <testcase classname="tests/rollout-api.test.ts" name="Rollout API &gt; should reject requests with invalid signature" time="0.003938029">
        </testcase>
        <testcase classname="tests/rollout-api.test.ts" name="Rollout API &gt; should accept valid HMAC signature" time="0.03457531">
            <system-out>
Rollout updated: 0% → 10% (IP: unknown)

            </system-out>
        </testcase>
        <testcase classname="tests/rollout-api.test.ts" name="Rollout API &gt; should validate percent values" time="0.003228557">
        </testcase>
        <testcase classname="tests/rollout-api.test.ts" name="Rollout API &gt; should accept valid percent values" time="0.041976039">
            <system-out>
Rollout updated: 0% → 0% (IP: unknown)

Rollout updated: 0% → 10% (IP: unknown)

Rollout updated: 10% → 50% (IP: unknown)

Rollout updated: 50% → 100% (IP: unknown)

            </system-out>
        </testcase>
        <testcase classname="tests/rollout-api.test.ts" name="Rollout API &gt; should track audit log" time="0.031100229">
            <system-out>
{&quot;kind&quot;:&quot;audit&quot;,&quot;timestamp&quot;:&quot;2026-01-22T17:04:00.249Z&quot;,&quot;action&quot;:&quot;rollout_change&quot;,&quot;before&quot;:0,&quot;after&quot;:50,&quot;updatedBy&quot;:&quot;ops-api&quot;,&quot;ip&quot;:&quot;192.168.1.1&quot;,&quot;userAgent&quot;:&quot;test-agent&quot;}
Rollout updated: 0% → 50% (IP: 192.168.1.1)

{&quot;kind&quot;:&quot;audit&quot;,&quot;timestamp&quot;:&quot;2026-01-22T17:04:00.252Z&quot;,&quot;action&quot;:&quot;rollout_change&quot;,&quot;before&quot;:50,&quot;after&quot;:100,&quot;updatedBy&quot;:&quot;ops-api&quot;,&quot;ip&quot;:&quot;192.168.1.1&quot;,&quot;userAgent&quot;:&quot;test-agent&quot;}
Rollout updated: 50% → 100% (IP: 192.168.1.1)

            </system-out>
        </testcase>
        <testcase classname="tests/rollout-api.test.ts" name="Rollout API &gt; should return current rollout status" time="0.001538959">
        </testcase>
        <testcase classname="tests/rollout-api.test.ts" name="Rollout API &gt; should handle missing HMAC secret" time="0.002990069">
        </testcase>
    </testsuite>
    <testsuite name="tests/share.test.ts" timestamp="2026-01-22T17:04:33.492Z" hostname="MacBookPro.lan" tests="4" failures="0" errors="0" skipped="0" time="0.110013447">
        <testcase classname="tests/share.test.ts" name="Share Utilities &gt; buildXShareUrl &gt; should generate correct X share URL with validation text" time="0.070945517">
        </testcase>
        <testcase classname="tests/share.test.ts" name="Share Utilities &gt; buildXShareUrl &gt; should include correct link when signature is present" time="0.001703775">
        </testcase>
        <testcase classname="tests/share.test.ts" name="Share Utilities &gt; buildXShareUrl &gt; should default to /studio if signature is missing" time="0.001273074">
        </testcase>
        <testcase classname="tests/share.test.ts" name="Share Utilities &gt; persistReferralData &gt; should save referral code to localStorage" time="0.030459039">
        </testcase>
    </testsuite>
    <testsuite name="tests/signals-health.test.ts" timestamp="2026-01-22T17:04:33.496Z" hostname="MacBookPro.lan" tests="5" failures="0" errors="0" skipped="0" time="0.251937739">
        <testcase classname="tests/signals-health.test.ts" name="Signals Health API &gt; should return health metrics" time="0.136482713">
            <system-out>
Health state changed to RED

            </system-out>
        </testcase>
        <testcase classname="tests/signals-health.test.ts" name="Signals Health API &gt; should calculate P95 latency correctly" time="0.008500133">
        </testcase>
        <testcase classname="tests/signals-health.test.ts" name="Signals Health API &gt; should calculate error rates correctly" time="0.036066367">
        </testcase>
        <testcase classname="tests/signals-health.test.ts" name="Signals Health API &gt; should include per-source metrics" time="0.008640261">
        </testcase>
        <testcase classname="tests/signals-health.test.ts" name="Signals Health API &gt; should handle telemetry errors gracefully" time="0.057281234">
            <system-err>
Signals health check failed: Error: Telemetry error
    at Object.&lt;anonymous&gt; [90m(/Users/thorsrud/prediktfi-protocol-1/[39mtests/signals-health.test.ts:107:13[90m)[39m
    at Object.mockCall [90m(file:///Users/thorsrud/prediktfi-protocol-1/[39mnode_modules/[4m@vitest[24m/spy/dist/index.js:96:15[90m)[39m
    at Object.spy [as getAllMetrics] [90m(file:///Users/thorsrud/prediktfi-protocol-1/[39mnode_modules/[4mtinyspy[24m/dist/index.js:47:103[90m)[39m
    at Module.GET [90m(/Users/thorsrud/prediktfi-protocol-1/[39mapp/api/ops/signals-health/route.ts:191:34[90m)[39m
    at [90m/Users/thorsrud/prediktfi-protocol-1/[39mtests/signals-health.test.ts:111:28
    at [90mfile:///Users/thorsrud/prediktfi-protocol-1/[39mnode_modules/[4m@vitest[24m/runner/dist/chunk-hooks.js:155:11
    at [90mfile:///Users/thorsrud/prediktfi-protocol-1/[39mnode_modules/[4m@vitest[24m/runner/dist/chunk-hooks.js:752:26
    at [90mfile:///Users/thorsrud/prediktfi-protocol-1/[39mnode_modules/[4m@vitest[24m/runner/dist/chunk-hooks.js:1897:20
    at new Promise (&lt;anonymous&gt;)
    at runWithTimeout [90m(file:///Users/thorsrud/prediktfi-protocol-1/[39mnode_modules/[4m@vitest[24m/runner/dist/chunk-hooks.js:1863:10[90m)[39m

            </system-err>
        </testcase>
    </testsuite>
    <testsuite name="tests/sim-result.test.tsx" timestamp="2026-01-22T17:04:33.506Z" hostname="MacBookPro.lan" tests="9" failures="0" errors="0" skipped="0" time="0.214720338">
        <testcase classname="tests/sim-result.test.tsx" name="SimResult Component Format &gt; should format quote freshness text correctly" time="0.002623226">
        </testcase>
        <testcase classname="tests/sim-result.test.tsx" name="SimResult Component Format &gt; should format historical accuracy text correctly" time="0.000656042">
        </testcase>
        <testcase classname="tests/sim-result.test.tsx" name="SimResult Component Format &gt; should format price impact correctly" time="0.000433331">
        </testcase>
        <testcase classname="tests/sim-result.test.tsx" name="SimResult Component Format &gt; should format fees correctly" time="0.000311441">
        </testcase>
        <testcase classname="tests/sim-result.test.tsx" name="SimResult Component Format &gt; should format portfolio value correctly" time="0.204923759">
        </testcase>
        <testcase classname="tests/sim-result.test.tsx" name="SimResult Component Format &gt; should handle confidence levels correctly" time="0.000532059">
        </testcase>
        <testcase classname="tests/sim-result.test.tsx" name="SimResult Component Format &gt; should calculate quote age correctly" time="0.000243117">
        </testcase>
        <testcase classname="tests/sim-result.test.tsx" name="SimResult Component Format &gt; should handle missing historical accuracy gracefully" time="0.001079691">
        </testcase>
        <testcase classname="tests/sim-result.test.tsx" name="SimResult Component Format &gt; should format ARIA labels correctly" time="0.001207591">
        </testcase>
    </testsuite>
    <testsuite name="tests/studio.test.tsx" timestamp="2026-01-22T17:04:33.514Z" hostname="MacBookPro.lan" tests="6" failures="3" errors="0" skipped="0" time="5.267431836">
        <testcase classname="tests/studio.test.tsx" name="AI Idea Evaluator Studio &gt; renders the landing view initially" time="0.651691024">
            <system-out>
[Studio] Fetching quota. PublicKey: [1mnull[22m

[Studio] Quota received: { limit: [33m3[39m, remaining: [33m3[39m, reset: [33m1769187836511[39m } for key: [1mnull[22m

            </system-out>
            <system-err>
An update to StudioPage inside a test was not wrapped in act(...).

When testing, code that causes React state updates should be wrapped into act(...):

act(() =&gt; {
  /* fire events that update state */
});
/* assert on the output */

This ensures that you&apos;re testing the behavior the user would see in the browser. Learn more at https://react.dev/link/wrap-tests-with-act

            </system-err>
            <failure message="[2mexpect([22m[31melement[39m[2m).toHaveTextContent()[22m

Expected element to have text content:
[32m  /AI Idea Evaluator/i[39m
Received:
[31m  Studio .[39m" type="Error">
Error: expect(element).toHaveTextContent()

Expected element to have text content:
  /AI Idea Evaluator/i
Received:
  Studio .
 ❯ tests/studio.test.tsx:106:25
            </failure>
        </testcase>
        <testcase classname="tests/studio.test.tsx" name="AI Idea Evaluator Studio &gt; switches to evaluation flow when CTA is clicked" time="0.899523475">
            <system-out>
[Studio] Fetching quota. PublicKey: [1mnull[22m

[Studio] Quota received: { limit: [33m3[39m, remaining: [33m3[39m, reset: [33m1769187837484[39m } for key: [1mnull[22m

            </system-out>
            <system-err>
An update to StudioPage inside a test was not wrapped in act(...).

When testing, code that causes React state updates should be wrapped into act(...):

act(() =&gt; {
  /* fire events that update state */
});
/* assert on the output */

This ensures that you&apos;re testing the behavior the user would see in the browser. Learn more at https://react.dev/link/wrap-tests-with-act

            </system-err>
[...]
        <testcase classname="tests/unit/text-resolver.test.ts" name="Text Resolver &gt; Basic Text Matching &gt; should find exact substring matches" time="0.07372529">
            <system-out>
📝 Resolving text insight: &quot;Project completion status&quot;
   Expected: &quot;project completed&quot;
✅ Text resolution completed in 8ms: YES

            </system-out>
        </testcase>
        <testcase classname="tests/unit/text-resolver.test.ts" name="Text Resolver &gt; Basic Text Matching &gt; should handle case insensitive matching" time="0.001743162">
            <system-out>
📝 Resolving text insight: &quot;Project completion status&quot;
   Expected: &quot;PROJECT COMPLETED&quot;
✅ Text resolution completed in 0ms: YES

            </system-out>
        </testcase>
        <testcase classname="tests/unit/text-resolver.test.ts" name="Text Resolver &gt; Basic Text Matching &gt; should handle case sensitive matching" time="0.001965727">
            <system-out>
📝 Resolving text insight: &quot;Project completion status&quot;
   Expected: &quot;Project Completed&quot;
✅ Text resolution completed in 1ms: NO

            </system-out>
        </testcase>
        <testcase classname="tests/unit/text-resolver.test.ts" name="Text Resolver &gt; Basic Text Matching &gt; should require exact match when specified" time="0.00179659">
            <system-out>
📝 Resolving text insight: &quot;Project completion status&quot;
   Expected: &quot;project completed&quot;
✅ Text resolution completed in 1ms: YES

            </system-out>
        </testcase>
        <testcase classname="tests/unit/text-resolver.test.ts" name="Text Resolver &gt; Basic Text Matching &gt; should fail exact match when text differs" time="0.001113076">
            <system-out>
📝 Resolving text insight: &quot;Project completion status&quot;
   Expected: &quot;project completed&quot;
✅ Text resolution completed in 0ms: NO

            </system-out>
        </testcase>
        <testcase classname="tests/unit/text-resolver.test.ts" name="Text Resolver &gt; Keyword Matching &gt; should match using provided keywords" time="0.003402519">
            <system-out>
📝 Resolving text insight: &quot;Project completion check&quot;
   Expected: &quot;project status&quot;
✅ Text resolution completed in 1ms: YES

            </system-out>
        </testcase>
        <testcase classname="tests/unit/text-resolver.test.ts" name="Text Resolver &gt; Keyword Matching &gt; should auto-extract keywords when not provided" time="0.000987159">
            <system-out>
📝 Resolving text insight: &quot;Project completion status&quot;
   Expected: &quot;project completed successfully&quot;
✅ Text resolution completed in 0ms: YES

            </system-out>
        </testcase>
        <testcase classname="tests/unit/text-resolver.test.ts" name="Text Resolver &gt; Keyword Matching &gt; should filter out common stop words" time="0.000849361">
            <system-out>
📝 Resolving text insight: &quot;Work completion&quot;
   Expected: &quot;the project and the team completed the work&quot;
✅ Text resolution completed in 0ms: YES

            </system-out>
        </testcase>
        <testcase classname="tests/unit/text-resolver.test.ts" name="Text Resolver &gt; Keyword Matching &gt; should handle partial keyword matches" time="0.002418054">
            <system-out>
📝 Resolving text insight: &quot;Project status&quot;
   Expected: &quot;project completion&quot;
✅ Text resolution completed in 0ms: YES

            </system-out>
        </testcase>
        <testcase classname="tests/unit/text-resolver.test.ts" name="Text Resolver &gt; Confidence Levels &gt; should return high confidence for strong matches" time="0.021346964">
            <system-out>
📝 Resolving text insight: &quot;Project status&quot;
   Expected: &quot;project completed successfully&quot;
✅ Text resolution completed in 20ms: YES

            </system-out>
        </testcase>
        <testcase classname="tests/unit/text-resolver.test.ts" name="Text Resolver &gt; Confidence Levels &gt; should return null for ambiguous matches" time="0.001146319">
            <system-out>
📝 Resolving text insight: &quot;Project status&quot;
   Expected: &quot;project completed successfully with all features&quot;
✅ Text resolution completed in 0ms: NO_PROPOSAL

            </system-out>
        </testcase>
        <testcase classname="tests/unit/text-resolver.test.ts" name="Text Resolver &gt; Confidence Levels &gt; should return NO for clear non-matches" time="0.000606137">
            <system-out>
📝 Resolving text insight: &quot;Project status&quot;
   Expected: &quot;project completed successfully&quot;
✅ Text resolution completed in 0ms: NO

            </system-out>
        </testcase>
        <testcase classname="tests/unit/text-resolver.test.ts" name="Text Resolver &gt; Error Handling &gt; should handle missing actual text" time="0.00270724">
            <system-out>
📝 Resolving text insight: &quot;Project status&quot;
   Expected: &quot;project completed&quot;

            </system-out>
        </testcase>
        <testcase classname="tests/unit/text-resolver.test.ts" name="Text Resolver &gt; Error Handling &gt; should handle empty expected text" time="0.00111756">
            <system-out>
📝 Resolving text insight: &quot;Project status&quot;
   Expected: &quot;&quot;

            </system-out>
        </testcase>
        <testcase classname="tests/unit/text-resolver.test.ts" name="Text Resolver &gt; Configuration Parsing &gt; should parse valid text config" time="0.002496157">
        </testcase>
        <testcase classname="tests/unit/text-resolver.test.ts" name="Text Resolver &gt; Configuration Parsing &gt; should handle alternative field names" time="0.000436854">
        </testcase>
        <testcase classname="tests/unit/text-resolver.test.ts" name="Text Resolver &gt; Configuration Parsing &gt; should use defaults for missing fields" time="0.000974246">
        </testcase>
        <testcase classname="tests/unit/text-resolver.test.ts" name="Text Resolver &gt; Configuration Parsing &gt; should throw on invalid JSON" time="0.001817259">
        </testcase>
        <testcase classname="tests/unit/text-resolver.test.ts" name="Text Resolver &gt; Simple Text Match Helper &gt; should perform exact matching" time="0.001606652">
        </testcase>
        <testcase classname="tests/unit/text-resolver.test.ts" name="Text Resolver &gt; Simple Text Match Helper &gt; should perform substring matching" time="0.000340917">
        </testcase>
        <testcase classname="tests/unit/text-resolver.test.ts" name="Text Resolver &gt; Simple Text Match Helper &gt; should perform keyword matching" time="0.000487698">
        </testcase>
        <testcase classname="tests/unit/text-resolver.test.ts" name="Text Resolver &gt; Simple Text Match Helper &gt; should return no match for unrelated text" time="0.001083131">
        </testcase>
    </testsuite>
    <testsuite name="tests/unit/url-resolver.test.ts" timestamp="2026-01-22T17:04:33.904Z" hostname="MacBookPro.lan" tests="15" failures="0" errors="0" skipped="0" time="0.288551589">
        <testcase classname="tests/unit/url-resolver.test.ts" name="URL Resolver &gt; SSRF Protection &gt; should block localhost URLs" time="0.007838912">
            <system-err>
❌ URL resolution failed after 0ms: Private IP addresses are not allowed: localhost

            </system-err>
        </testcase>
        <testcase classname="tests/unit/url-resolver.test.ts" name="URL Resolver &gt; SSRF Protection &gt; should block private IP ranges" time="0.10476912">
            <system-err>
❌ URL resolution failed after 0ms: Private IP addresses are not allowed: 127.0.0.1

❌ URL resolution failed after 0ms: Private IP addresses are not allowed: 10.0.0.1

❌ URL resolution failed after 0ms: Private IP addresses are not allowed: 172.16.0.1

❌ URL resolution failed after 1ms: Private IP addresses are not allowed: 192.168.1.1

❌ URL resolution failed after 0ms: Private IP addresses are not allowed: 169.254.1.1

            </system-err>
        </testcase>
        <testcase classname="tests/unit/url-resolver.test.ts" name="URL Resolver &gt; SSRF Protection &gt; should allow public URLs" time="0.008987201">
            <system-out>
🌐 Fetching URL: https://example.com/test

📄 Extracted 15 characters of text
✅ URL resolution completed in 3ms: YES

            </system-out>
        </testcase>
        <testcase classname="tests/unit/url-resolver.test.ts" name="URL Resolver &gt; SSRF Protection &gt; should reject non-HTTP protocols" time="0.000873908">
            <system-err>
❌ URL resolution failed after 0ms: Unsupported protocol: ftp:

            </system-err>
        </testcase>
        <testcase classname="tests/unit/url-resolver.test.ts" name="URL Resolver &gt; Content Matching &gt; should find exact matches with high confidence" time="0.002295035">
            <system-out>
🌐 Fetching URL: https://example.com/status

📄 Extracted 30 characters of text
✅ URL resolution completed in 1ms: YES

            </system-out>
        </testcase>
        <testcase classname="tests/unit/url-resolver.test.ts" name="URL Resolver &gt; Content Matching &gt; should find partial matches with moderate confidence" time="0.001518281">
            <system-out>
🌐 Fetching URL: https://example.com/status

📄 Extracted 48 characters of text
✅ URL resolution completed in 1ms: YES

            </system-out>
        </testcase>
        <testcase classname="tests/unit/url-resolver.test.ts" name="URL Resolver &gt; Content Matching &gt; should return NO for no matches" time="0.000981029">
            <system-out>
🌐 Fetching URL: https://example.com/status

📄 Extracted 32 characters of text
✅ URL resolution completed in 1ms: NO

            </system-out>
        </testcase>
        <testcase classname="tests/unit/url-resolver.test.ts" name="URL Resolver &gt; Content Matching &gt; should handle HTML tag removal" time="0.001113783">
            <system-out>
🌐 Fetching URL: https://example.com/status

📄 Extracted 57 characters of text
✅ URL resolution completed in 0ms: YES

            </system-out>
        </testcase>
        <testcase classname="tests/unit/url-resolver.test.ts" name="URL Resolver &gt; Error Handling &gt; should handle network errors" time="0.001170855">
            <system-out>
🌐 Fetching URL: https://example.com/test

            </system-out>
            <system-err>
❌ URL resolution failed after 0ms: Network error

            </system-err>
        </testcase>
        <testcase classname="tests/unit/url-resolver.test.ts" name="URL Resolver &gt; Error Handling &gt; should handle HTTP errors" time="0.001443229">
            <system-out>
🌐 Fetching URL: https://example.com/test

            </system-out>
            <system-err>
❌ URL resolution failed after 0ms: HTTP 404: Not Found

            </system-err>
        </testcase>
        <testcase classname="tests/unit/url-resolver.test.ts" name="URL Resolver &gt; Error Handling &gt; should handle timeout" time="0.103693998">
            <system-out>
🌐 Fetching URL: https://example.com/test

            </system-out>
            <system-err>
❌ URL resolution failed after 103ms: Timeout

            </system-err>
        </testcase>
        <testcase classname="tests/unit/url-resolver.test.ts" name="URL Resolver &gt; Error Handling &gt; should handle unsupported content types" time="0.00112916">
            <system-out>
🌐 Fetching URL: https://example.com/document.pdf

            </system-out>
            <system-err>
❌ URL resolution failed after 0ms: Unsupported content type: application/pdf

            </system-err>
        </testcase>
        <testcase classname="tests/unit/url-resolver.test.ts" name="URL Resolver &gt; Configuration Parsing &gt; should parse valid URL config" time="0.00046656">
        </testcase>
        <testcase classname="tests/unit/url-resolver.test.ts" name="URL Resolver &gt; Configuration Parsing &gt; should handle minimal config" time="0.000279303">
        </testcase>
        <testcase classname="tests/unit/url-resolver.test.ts" name="URL Resolver &gt; Configuration Parsing &gt; should throw on invalid JSON" time="0.001424003">
        </testcase>
    </testsuite>
    <testsuite name="app/api/bets/bets.test.ts" timestamp="2026-01-22T17:04:33.927Z" hostname="MacBookPro.lan" tests="2" failures="0" errors="0" skipped="0" time="0.024461361">
        <testcase classname="app/api/bets/bets.test.ts" name="Bet API types &gt; validates expected memo structure" time="0.00654923">
        </testcase>
        <testcase classname="app/api/bets/bets.test.ts" name="Bet API types &gt; validates bet record structure" time="0.014163209">
        </testcase>
    </testsuite>
    <testsuite name="src/lib/adapters/fearGreed.test.ts" timestamp="2026-01-22T17:04:33.928Z" hostname="MacBookPro.lan" tests="10" failures="0" errors="0" skipped="0" time="0.165050742">
        <testcase classname="src/lib/adapters/fearGreed.test.ts" name="fetchFearGreed &gt; should return fear &amp; greed data on 200 OK" time="0.085276389">
        </testcase>
        <testcase classname="src/lib/adapters/fearGreed.test.ts" name="fetchFearGreed &gt; should handle extreme fear value" time="0.006432127">
        </testcase>
        <testcase classname="src/lib/adapters/fearGreed.test.ts" name="fetchFearGreed &gt; should handle neutral value" time="0.00109228">
        </testcase>
        <testcase classname="src/lib/adapters/fearGreed.test.ts" name="fetchFearGreed &gt; should handle extreme greed value" time="0.001195215">
        </testcase>
        <testcase classname="src/lib/adapters/fearGreed.test.ts" name="fetchFearGreed &gt; should handle 304 Not Modified" time="0.001466783">
        </testcase>
        <testcase classname="src/lib/adapters/fearGreed.test.ts" name="fetchFearGreed &gt; should handle 5xx errors" time="0.001361581">
        </testcase>
        <testcase classname="src/lib/adapters/fearGreed.test.ts" name="fetchFearGreed &gt; should handle timeout" time="0.001444339">
        </testcase>
        <testcase classname="src/lib/adapters/fearGreed.test.ts" name="fetchFearGreed &gt; should handle missing data" time="0.001889791">
        </testcase>
        <testcase classname="src/lib/adapters/fearGreed.test.ts" name="fetchFearGreed &gt; should handle invalid value" time="0.001440697">
        </testcase>
        <testcase classname="src/lib/adapters/fearGreed.test.ts" name="fetchFearGreed &gt; should send If-None-Match header when cached ETag exists" time="0.060932899">
        </testcase>
    </testsuite>
    <testsuite name="src/lib/adapters/funding.test.ts" timestamp="2026-01-22T17:04:33.938Z" hostname="MacBookPro.lan" tests="9" failures="0" errors="0" skipped="0" time="0.18033686">
        <testcase classname="src/lib/adapters/funding.test.ts" name="fetchFunding &gt; should return funding data on 200 OK" time="0.122845115">
        </testcase>
        <testcase classname="src/lib/adapters/funding.test.ts" name="fetchFunding &gt; should handle different funding rates" time="0.01661564">
        </testcase>
        <testcase classname="src/lib/adapters/funding.test.ts" name="fetchFunding &gt; should handle 304 Not Modified" time="0.003496479">
        </testcase>
        <testcase classname="src/lib/adapters/funding.test.ts" name="fetchFunding &gt; should handle 5xx errors" time="0.001652364">
        </testcase>
        <testcase classname="src/lib/adapters/funding.test.ts" name="fetchFunding &gt; should handle timeout" time="0.001900739">
        </testcase>
        <testcase classname="src/lib/adapters/funding.test.ts" name="fetchFunding &gt; should handle partial data" time="0.004433429">
        </testcase>
        <testcase classname="src/lib/adapters/funding.test.ts" name="fetchFunding &gt; should limit to 3 items" time="0.01963505">
        </testcase>
        <testcase classname="src/lib/adapters/funding.test.ts" name="fetchFunding &gt; should handle single object response" time="0.001823672">
        </testcase>
        <testcase classname="src/lib/adapters/funding.test.ts" name="fetchFunding &gt; should send If-None-Match header when cached ETag exists" time="0.004590323">
        </testcase>
    </testsuite>
    <testsuite name="src/server/signals/feed.integration.test.ts" timestamp="2026-01-22T17:04:33.945Z" hostname="MacBookPro.lan" tests="7" failures="0" errors="0" skipped="0" time="0.154564044">
        <testcase classname="src/server/signals/feed.integration.test.ts" name="getMarketSignals integration &gt; aggregates results from adapters" time="0.068102454">
            <system-out>
Signals fetch completed in 0ms, got 2 signals

            </system-out>
        </testcase>
        <testcase classname="src/server/signals/feed.integration.test.ts" name="getMarketSignals integration &gt; handles mixed results (ok + timeout)" time="0.003626754">
            <system-out>
Signals fetch completed in 1000ms, got 1 signals

            </system-out>
        </testcase>
        <testcase classname="src/server/signals/feed.integration.test.ts" name="getMarketSignals integration &gt; handles all adapters failing" time="0.001773173">
            <system-out>
Signals fetch completed in 0ms, got 0 signals

            </system-out>
        </testcase>
        <testcase classname="src/server/signals/feed.integration.test.ts" name="getMarketSignals integration &gt; respects total timeout budget" time="0.060585529">
            <system-err>
Signals fetch timeout or error: Error: Timeout after 1200ms
    at [90m/Users/thorsrud/prediktfi-protocol-1/[39msrc/server/signals/feed.ts:75:29
    at callTimer [90m(file:///Users/thorsrud/prediktfi-protocol-1/[39mnode_modules/[4mvitest[24m/dist/chunks/vi.bdSIJ99Y.js:2211:25[90m)[39m
    at doTickInner [90m(file:///Users/thorsrud/prediktfi-protocol-1/[39mnode_modules/[4mvitest[24m/dist/chunks/vi.bdSIJ99Y.js:2814:30[90m)[39m
    at doTick [90m(file:///Users/thorsrud/prediktfi-protocol-1/[39mnode_modules/[4mvitest[24m/dist/chunks/vi.bdSIJ99Y.js:2895:21[90m)[39m
    at Object.tick [90m(file:///Users/thorsrud/prediktfi-protocol-1/[39mnode_modules/[4mvitest[24m/dist/chunks/vi.bdSIJ99Y.js:2903:21[90m)[39m
    at FakeTimers.advanceTimersByTime [90m(file:///Users/thorsrud/prediktfi-protocol-1/[39mnode_modules/[4mvitest[24m/dist/chunks/vi.bdSIJ99Y.js:3629:44[90m)[39m
    at Object.advanceTimersByTime [90m(file:///Users/thorsrud/prediktfi-protocol-1/[39mnode_modules/[4mvitest[24m/dist/chunks/vi.bdSIJ99Y.js:3857:13[90m)[39m
    at [90m/Users/thorsrud/prediktfi-protocol-1/[39msrc/server/signals/feed.integration.test.ts:103:8
    at [90mfile:///Users/thorsrud/prediktfi-protocol-1/[39mnode_modules/[4m@vitest[24m/runner/dist/chunk-hooks.js:155:11
    at [90mfile:///Users/thorsrud/prediktfi-protocol-1/[39mnode_modules/[4m@vitest[24m/runner/dist/chunk-hooks.js:752:26

            </system-err>
        </testcase>
        <testcase classname="src/server/signals/feed.integration.test.ts" name="getMarketSignals integration &gt; limits total items to 5" time="0.001798475">
            <system-out>
Signals fetch completed in 0ms, got 5 signals

            </system-out>
        </testcase>
        <testcase classname="src/server/signals/feed.integration.test.ts" name="getMarketSignals integration &gt; uses cache for subsequent calls" time="0.014121079">
            <system-out>
Signals fetch completed in 0ms, got 2 signals

            </system-out>
        </testcase>
        <testcase classname="src/server/signals/feed.integration.test.ts" name="getMarketSignals integration &gt; uses separate caches for different pairs" time="0.002269235">
            <system-out>
Signals fetch completed in 0ms, got 2 signals

Signals fetch completed in 0ms, got 2 signals

            </system-out>
        </testcase>
    </testsuite>
</testsuites>
